Added Component: Designator=C5(电容_C1206)
Add component. Clean all parameters for all variants
Add component (AddParameter): Name = "C"; Value = "22uf"; VariantName = "[No Variations]"
Add component (AddParameter): Name = "U"; Value = "50V"; VariantName = "[No Variations]"
Add component (AddParameter): Name = "参数"; Value = "Cap,0805,X7R,104K,50V,125C,±10%"; VariantName = "[No Variations]"
Added Component: Designator=C6(电容_C1206)
Add component. Clean all parameters for all variants
Add component (AddParameter): Name = "C"; Value = "22uf"; VariantName = "[No Variations]"
Add component (AddParameter): Name = "U"; Value = "50V"; VariantName = "[No Variations]"
Add component (AddParameter): Name = "参数"; Value = "Cap,0805,X7R,104K,50V,125C,±10%"; VariantName = "[No Variations]"
Added Component: Designator=R3(电阻_R0603)
Add component. Clean all parameters for all variants
Add component (AddParameter): Name = "P"; Value = "1/8W"; VariantName = "[No Variations]"
Add component (AddParameter): Name = "R"; Value = "10K"; VariantName = "[No Variations]"
Add component (AddParameter): Name = "参数"; Value = "Res,0805,0R,±1%,1/8W,100ppm,155C"; VariantName = "[No Variations]"
Added Component: Designator=R4(电阻_R0603)
Add component. Clean all parameters for all variants
Add component (AddParameter): Name = "P"; Value = "1/8W"; VariantName = "[No Variations]"
Add component (AddParameter): Name = "R"; Value = "10K"; VariantName = "[No Variations]"
Add component (AddParameter): Name = "参数"; Value = "Res,0805,0R,±1%,1/8W,100ppm,155C"; VariantName = "[No Variations]"
Added Pin To Net: NetName=3V3 Pin=C5-1
Added Pin To Net: NetName=GND Pin=C5-2
Added Pin To Net: NetName=3V3 Pin=C6-1
Added Pin To Net: NetName=GND Pin=C6-2
Added Pin To Net: NetName=MCU-SDA Pin=R3-1
Added Pin To Net: NetName=3V3 Pin=R3-2
Added Pin To Net: NetName=MCU-SCL Pin=R4-1
Added Pin To Net: NetName=3V3 Pin=R4-2
Added Member To Class: ClassName=无线遥控器 Member=Component C5 22uf
Added Member To Class: ClassName=无线遥控器 Member=Component C6 22uf
Added Member To Class: ClassName=无线遥控器 Member=Component R3 10K
Added Member To Class: ClassName=无线遥控器 Member=Component R4 10K
