Added Component: Designator=C16(电容_C0603)
Add component. Clean all parameters for all variants
Add component (AddParameter): Name = "C"; Value = "104"; VariantName = "[No Variations]"
Add component (AddParameter): Name = "U"; Value = "50V"; VariantName = "[No Variations]"
Add component (AddParameter): Name = "参数"; Value = "Cap,0805,X7R,104K,50V,125C,±10%"; VariantName = "[No Variations]"
Added Component: Designator=C17(电容_C0603)
Add component. Clean all parameters for all variants
Add component (AddParameter): Name = "C"; Value = "1uF"; VariantName = "[No Variations]"
Add component (AddParameter): Name = "U"; Value = "50V"; VariantName = "[No Variations]"
Add component (AddParameter): Name = "参数"; Value = "Cap,0805,X7R,104K,50V,125C,±10%"; VariantName = "[No Variations]"
Added Component: Designator=C18(电容_C0603)
Add component. Clean all parameters for all variants
Add component (AddParameter): Name = "C"; Value = "1uF"; VariantName = "[No Variations]"
Add component (AddParameter): Name = "U"; Value = "50V"; VariantName = "[No Variations]"
Add component (AddParameter): Name = "参数"; Value = "Cap,0805,X7R,104K,50V,125C,±10%"; VariantName = "[No Variations]"
Added Component: Designator=C19(电容_C0603)
Add component. Clean all parameters for all variants
Add component (AddParameter): Name = "C"; Value = "1uF"; VariantName = "[No Variations]"
Add component (AddParameter): Name = "U"; Value = "50V"; VariantName = "[No Variations]"
Add component (AddParameter): Name = "参数"; Value = "Cap,0805,X7R,104K,50V,125C,±10%"; VariantName = "[No Variations]"
Added Component: Designator=C20(电容_C0603)
Add component. Clean all parameters for all variants
Add component (AddParameter): Name = "C"; Value = "1uF"; VariantName = "[No Variations]"
Add component (AddParameter): Name = "U"; Value = "50V"; VariantName = "[No Variations]"
Add component (AddParameter): Name = "参数"; Value = "Cap,0805,X7R,104K,50V,125C,±10%"; VariantName = "[No Variations]"
Added Pin To Net: NetName=GND Pin=C16-1
Added Pin To Net: NetName=NetC16_2 Pin=C16-2
Added Pin To Net: NetName=GND Pin=C17-1
Added Pin To Net: NetName=3V3 Pin=C17-2
Added Pin To Net: NetName=GND Pin=C18-1
Added Pin To Net: NetName=3V3 Pin=C18-2
Added Pin To Net: NetName=GND Pin=C19-1
Added Pin To Net: NetName=3V3 Pin=C19-2
Added Pin To Net: NetName=GND Pin=C20-1
Added Pin To Net: NetName=3V3 Pin=C20-2
Added Member To Class: ClassName=无线遥控器 Member=Component C13 105
Added Member To Class: ClassName=无线遥控器 Member=Component C16 104
Added Member To Class: ClassName=无线遥控器 Member=Component C17 1uF
Added Member To Class: ClassName=无线遥控器 Member=Component C18 1uF
Added Member To Class: ClassName=无线遥控器 Member=Component C19 1uF
Added Member To Class: ClassName=无线遥控器 Member=Component C20 1uF
Added Member To Class: ClassName=无线遥控器 Member=Component U6 IPS-LCD
