Added Component: Designator=C1(电容_C0603)
Add component. Clean all parameters for all variants
Add component (AddParameter): Name = "C"; Value = "106"; VariantName = "[No Variations]"
Add component (AddParameter): Name = "U"; Value = "50V"; VariantName = "[No Variations]"
Add component (AddParameter): Name = "参数"; Value = "Cap,0805,X7R,104K,50V,125C,±10%"; VariantName = "[No Variations]"
Added Component: Designator=C2(电容_C0603)
Add component. Clean all parameters for all variants
Add component (AddParameter): Name = "C"; Value = "106"; VariantName = "[No Variations]"
Add component (AddParameter): Name = "U"; Value = "50V"; VariantName = "[No Variations]"
Add component (AddParameter): Name = "参数"; Value = "Cap,0805,X7R,104K,50V,125C,±10%"; VariantName = "[No Variations]"
Added Component: Designator=C3(电容_C0603)
Add component. Clean all parameters for all variants
Add component (AddParameter): Name = "C"; Value = "106"; VariantName = "[No Variations]"
Add component (AddParameter): Name = "U"; Value = "50V"; VariantName = "[No Variations]"
Add component (AddParameter): Name = "参数"; Value = "Cap,0805,X7R,104K,50V,125C,±10%"; VariantName = "[No Variations]"
Added Component: Designator=C4(电容_C0603)
Add component. Clean all parameters for all variants
Add component (AddParameter): Name = "C"; Value = "106"; VariantName = "[No Variations]"
Add component (AddParameter): Name = "U"; Value = "50V"; VariantName = "[No Variations]"
Add component (AddParameter): Name = "参数"; Value = "Cap,0805,X7R,104K,50V,125C,±10%"; VariantName = "[No Variations]"
Added Component: Designator=C5(电容_C1206)
Add component. Clean all parameters for all variants
Add component (AddParameter): Name = "C"; Value = "22uf"; VariantName = "[No Variations]"
Add component (AddParameter): Name = "U"; Value = "50V"; VariantName = "[No Variations]"
Add component (AddParameter): Name = "参数"; Value = "Cap,0805,X7R,104K,50V,125C,±10%"; VariantName = "[No Variations]"
Added Component: Designator=C6(电容_C1206)
Add component. Clean all parameters for all variants
Add component (AddParameter): Name = "C"; Value = "22uf"; VariantName = "[No Variations]"
Add component (AddParameter): Name = "U"; Value = "50V"; VariantName = "[No Variations]"
Add component (AddParameter): Name = "参数"; Value = "Cap,0805,X7R,104K,50V,125C,±10%"; VariantName = "[No Variations]"
Added Component: Designator=C7(电容_C0603)
Add component. Clean all parameters for all variants
Add component (AddParameter): Name = "C"; Value = "104"; VariantName = "[No Variations]"
Add component (AddParameter): Name = "U"; Value = "50V"; VariantName = "[No Variations]"
Add component (AddParameter): Name = "参数"; Value = "Cap,0805,X7R,104K,50V,125C,±10%"; VariantName = "[No Variations]"
Added Component: Designator=C8(电容_C1206)
Add component. Clean all parameters for all variants
Add component (AddParameter): Name = "C"; Value = "22uF"; VariantName = "[No Variations]"
Add component (AddParameter): Name = "U"; Value = "50V"; VariantName = "[No Variations]"
Add component (AddParameter): Name = "参数"; Value = "Cap,0805,X7R,104K,50V,125C,±10%"; VariantName = "[No Variations]"
Added Component: Designator=C9(电容_C0603)
Add component. Clean all parameters for all variants
Add component (AddParameter): Name = "C"; Value = "104"; VariantName = "[No Variations]"
Add component (AddParameter): Name = "U"; Value = "50V"; VariantName = "[No Variations]"
Add component (AddParameter): Name = "参数"; Value = "Cap,0805,X7R,104K,50V,125C,±10%"; VariantName = "[No Variations]"
Added Component: Designator=C10(电容_C0603)
Add component. Clean all parameters for all variants
Add component (AddParameter): Name = "C"; Value = "104"; VariantName = "[No Variations]"
Add component (AddParameter): Name = "U"; Value = "50V"; VariantName = "[No Variations]"
Add component (AddParameter): Name = "参数"; Value = "Cap,0805,X7R,104K,50V,125C,±10%"; VariantName = "[No Variations]"
Added Component: Designator=C11(电容_C0603)
Add component. Clean all parameters for all variants
Add component (AddParameter): Name = "C"; Value = "105"; VariantName = "[No Variations]"
Add component (AddParameter): Name = "U"; Value = "50V"; VariantName = "[No Variations]"
Add component (AddParameter): Name = "参数"; Value = "Cap,0805,X7R,104K,50V,125C,±10%"; VariantName = "[No Variations]"
Added Component: Designator=C12(电容_C0603)
Add component. Clean all parameters for all variants
Add component (AddParameter): Name = "C"; Value = "104"; VariantName = "[No Variations]"
Add component (AddParameter): Name = "U"; Value = "50V"; VariantName = "[No Variations]"
Add component (AddParameter): Name = "参数"; Value = "Cap,0805,X7R,104K,50V,125C,±10%"; VariantName = "[No Variations]"
Added Component: Designator=C13(电容_C1206)
Add component. Clean all parameters for all variants
Add component (AddParameter): Name = "C"; Value = "22uF"; VariantName = "[No Variations]"
Add component (AddParameter): Name = "U"; Value = "50V"; VariantName = "[No Variations]"
Add component (AddParameter): Name = "参数"; Value = "Cap,0805,X7R,104K,50V,125C,±10%"; VariantName = "[No Variations]"
Added Component: Designator=C14(电容_C1206)
Add component. Clean all parameters for all variants
Add component (AddParameter): Name = "C"; Value = "22uF"; VariantName = "[No Variations]"
Add component (AddParameter): Name = "U"; Value = "50V"; VariantName = "[No Variations]"
Add component (AddParameter): Name = "参数"; Value = "Cap,0805,X7R,104K,50V,125C,±10%"; VariantName = "[No Variations]"
Added Component: Designator=C15(电容_C0603)
Add component. Clean all parameters for all variants
Add component (AddParameter): Name = "C"; Value = "105"; VariantName = "[No Variations]"
Add component (AddParameter): Name = "U"; Value = "50V"; VariantName = "[No Variations]"
Add component (AddParameter): Name = "参数"; Value = "Cap,0805,X7R,104K,50V,125C,±10%"; VariantName = "[No Variations]"
Added Component: Designator=J1(摇杆2)
Add component. Clean all parameters for all variants
Added Component: Designator=J2(摇杆2)
Add component. Clean all parameters for all variants
Added Component: Designator=K1(KEY-SMD_4P-L6.0-W6.0-P3.90-LS10.0)
Add component. Clean all parameters for all variants
Add component (AddParameter): Name = "_Comma"; Value = ","; VariantName = "[No Variations]"
Add component (AddParameter): Name = "_Footprint"; Value = ""; VariantName = "[No Variations]"
Add component (AddParameter): Name = "_Model"; Value = "SKRP"; VariantName = "[No Variations]"
Add component (AddParameter): Name = "_Name"; Value = "KEY"; VariantName = "[No Variations]"
Add component (AddParameter): Name = "_Specification"; Value = "KEY,SKRP,*"; VariantName = "[No Variations]"
Added Component: Designator=K3(KEY-SMD_4P-L6.0-W6.0-P3.90-LS10.0)
Add component. Clean all parameters for all variants
Add component (AddParameter): Name = "_Comma"; Value = ","; VariantName = "[No Variations]"
Add component (AddParameter): Name = "_Footprint"; Value = ""; VariantName = "[No Variations]"
Add component (AddParameter): Name = "_Model"; Value = "SKRP"; VariantName = "[No Variations]"
Add component (AddParameter): Name = "_Name"; Value = "KEY"; VariantName = "[No Variations]"
Add component (AddParameter): Name = "_Specification"; Value = "KEY,SKRP,*"; VariantName = "[No Variations]"
Added Component: Designator=K4(KEY-SMD_4P-L6.0-W6.0-P3.90-LS10.0)
Add component. Clean all parameters for all variants
Add component (AddParameter): Name = "_Comma"; Value = ","; VariantName = "[No Variations]"
Add component (AddParameter): Name = "_Footprint"; Value = ""; VariantName = "[No Variations]"
Add component (AddParameter): Name = "_Model"; Value = "SKRP"; VariantName = "[No Variations]"
Add component (AddParameter): Name = "_Name"; Value = "KEY"; VariantName = "[No Variations]"
Add component (AddParameter): Name = "_Specification"; Value = "KEY,SKRP,*"; VariantName = "[No Variations]"
Added Component: Designator=K6(KEY-SMD_4P-L6.0-W6.0-P3.90-LS10.0)
Add component. Clean all parameters for all variants
Add component (AddParameter): Name = "_Comma"; Value = ","; VariantName = "[No Variations]"
Add component (AddParameter): Name = "_Footprint"; Value = ""; VariantName = "[No Variations]"
Add component (AddParameter): Name = "_Model"; Value = "SKRP"; VariantName = "[No Variations]"
Add component (AddParameter): Name = "_Name"; Value = "KEY"; VariantName = "[No Variations]"
Add component (AddParameter): Name = "_Specification"; Value = "KEY,SKRP,*"; VariantName = "[No Variations]"
Added Component: Designator=K7(KEY-SMD_4P-L6.0-W6.0-P3.90-LS10.0)
Add component. Clean all parameters for all variants
Add component (AddParameter): Name = "_Comma"; Value = ","; VariantName = "[No Variations]"
Add component (AddParameter): Name = "_Footprint"; Value = ""; VariantName = "[No Variations]"
Add component (AddParameter): Name = "_Model"; Value = "SKRP"; VariantName = "[No Variations]"
Add component (AddParameter): Name = "_Name"; Value = "KEY"; VariantName = "[No Variations]"
Add component (AddParameter): Name = "_Specification"; Value = "KEY,SKRP,*"; VariantName = "[No Variations]"
Added Component: Designator=K9(KEY-SMD_4P-L6.0-W6.0-P3.90-LS10.0)
Add component. Clean all parameters for all variants
Add component (AddParameter): Name = "_Comma"; Value = ","; VariantName = "[No Variations]"
Add component (AddParameter): Name = "_Footprint"; Value = ""; VariantName = "[No Variations]"
Add component (AddParameter): Name = "_Model"; Value = "SKRP"; VariantName = "[No Variations]"
Add component (AddParameter): Name = "_Name"; Value = "KEY"; VariantName = "[No Variations]"
Add component (AddParameter): Name = "_Specification"; Value = "KEY,SKRP,*"; VariantName = "[No Variations]"
Added Component: Designator=L1(变压器电感_0420)
Add component. Clean all parameters for all variants
Add component (AddParameter): Name = "_Accuracy"; Value = "20%"; VariantName = "[No Variations]"
Add component (AddParameter): Name = "_Comma"; Value = ","; VariantName = "[No Variations]"
Add component (AddParameter): Name = "_Current"; Value = "10A"; VariantName = "[No Variations]"
Add component (AddParameter): Name = "_Footprint"; Value = "1040"; VariantName = "[No Variations]"
Add component (AddParameter): Name = "_Name"; Value = "IND"; VariantName = "[No Variations]"
Add component (AddParameter): Name = "_Specification"; Value = "IND,1040,1.5uH,10A,20%"; VariantName = "[No Variations]"
Add component (AddParameter): Name = "_Value"; Value = "1.5uH"; VariantName = "[No Variations]"
Added Component: Designator=P1(接插件_MICRO 牛角插座 USB 卷边)
Add component. Clean all parameters for all variants
Add component (AddParameter): Name = "_Comma"; Value = ","; VariantName = "[No Variations]"
Add component (AddParameter): Name = "_Model"; Value = "MICRO USB"; VariantName = "[No Variations]"
Add component (AddParameter): Name = "_Name"; Value = "Port"; VariantName = "[No Variations]"
Add component (AddParameter): Name = "_Specification"; Value = "Port,MICRO USB,5PIN"; VariantName = "[No Variations]"
Add component (AddParameter): Name = "_Value"; Value = "5PIN"; VariantName = "[No Variations]"
Added Component: Designator=Pad1(Pad_B)
Add component. Clean all parameters for all variants
Add component (AddParameter): Name = "_Comma"; Value = ","; VariantName = "[No Variations]"
Add component (AddParameter): Name = "_Funcyusa"; Value = "Test"; VariantName = "[No Variations]"
Add component (AddParameter): Name = "_Name"; Value = "Pad"; VariantName = "[No Variations]"
Add component (AddParameter): Name = "_Remarks"; Value = "BAT"; VariantName = "[No Variations]"
Add component (AddParameter): Name = "_Specification"; Value = "Pad,Test,BAT"; VariantName = "[No Variations]"
Added Component: Designator=Pad2(Pad_B)
Add component. Clean all parameters for all variants
Add component (AddParameter): Name = "_Comma"; Value = ","; VariantName = "[No Variations]"
Add component (AddParameter): Name = "_Funcyusa"; Value = "Test"; VariantName = "[No Variations]"
Add component (AddParameter): Name = "_Name"; Value = "Pad"; VariantName = "[No Variations]"
Add component (AddParameter): Name = "_Remarks"; Value = "GND"; VariantName = "[No Variations]"
Add component (AddParameter): Name = "_Specification"; Value = "Pad,Test,GND"; VariantName = "[No Variations]"
Added Component: Designator=R1(电阻_R0603)
Add component. Clean all parameters for all variants
Add component (AddParameter): Name = "P"; Value = "1/8W"; VariantName = "[No Variations]"
Add component (AddParameter): Name = "R"; Value = "10K"; VariantName = "[No Variations]"
Add component (AddParameter): Name = "参数"; Value = "Res,0805,0R,±1%,1/8W,100ppm,155C"; VariantName = "[No Variations]"
Added Component: Designator=R2(电阻_R0603)
Add component. Clean all parameters for all variants
Add component (AddParameter): Name = "P"; Value = "1/8W"; VariantName = "[No Variations]"
Add component (AddParameter): Name = "R"; Value = "470K"; VariantName = "[No Variations]"
Add component (AddParameter): Name = "参数"; Value = "Res,0805,0R,±1%,1/8W,100ppm,155C"; VariantName = "[No Variations]"
Added Component: Designator=R3(电阻_R0603)
Add component. Clean all parameters for all variants
Add component (AddParameter): Name = "P"; Value = "1/8W"; VariantName = "[No Variations]"
Add component (AddParameter): Name = "R"; Value = "100k"; VariantName = "[No Variations]"
Add component (AddParameter): Name = "参数"; Value = "Res,0805,0R,±1%,1/8W,100ppm,155C"; VariantName = "[No Variations]"
Added Component: Designator=R4(电阻_R0603)
Add component. Clean all parameters for all variants
Add component (AddParameter): Name = "P"; Value = "1/8W"; VariantName = "[No Variations]"
Add component (AddParameter): Name = "R"; Value = "150K"; VariantName = "[No Variations]"
Add component (AddParameter): Name = "参数"; Value = "Res,0805,0R,±1%,1/8W,100ppm,155C"; VariantName = "[No Variations]"
Added Component: Designator=R5(电阻_R0603)
Add component. Clean all parameters for all variants
Add component (AddParameter): Name = "P"; Value = "1/8W"; VariantName = "[No Variations]"
Add component (AddParameter): Name = "R"; Value = "10K"; VariantName = "[No Variations]"
Add component (AddParameter): Name = "参数"; Value = "Res,0805,0R,±1%,1/8W,100ppm,155C"; VariantName = "[No Variations]"
Added Component: Designator=R6(电阻_R0603)
Add component. Clean all parameters for all variants
Add component (AddParameter): Name = "P"; Value = "1/8W"; VariantName = "[No Variations]"
Add component (AddParameter): Name = "R"; Value = "10K"; VariantName = "[No Variations]"
Add component (AddParameter): Name = "参数"; Value = "Res,0805,0R,±1%,1/8W,100ppm,155C"; VariantName = "[No Variations]"
Added Component: Designator=R7(电阻_R0603)
Add component. Clean all parameters for all variants
Add component (AddParameter): Name = "P"; Value = "1/8W"; VariantName = "[No Variations]"
Add component (AddParameter): Name = "R"; Value = "10K"; VariantName = "[No Variations]"
Add component (AddParameter): Name = "参数"; Value = "Res,0805,0R,±1%,1/8W,100ppm,155C"; VariantName = "[No Variations]"
Added Component: Designator=R8(电阻_R0603)
Add component. Clean all parameters for all variants
Add component (AddParameter): Name = "P"; Value = "1/8W"; VariantName = "[No Variations]"
Add component (AddParameter): Name = "R"; Value = "10K"; VariantName = "[No Variations]"
Add component (AddParameter): Name = "参数"; Value = "Res,0805,0R,±1%,1/8W,100ppm,155C"; VariantName = "[No Variations]"
Added Component: Designator=R9(电阻_R0603)
Add component. Clean all parameters for all variants
Add component (AddParameter): Name = "P"; Value = "1/8W"; VariantName = "[No Variations]"
Add component (AddParameter): Name = "R"; Value = "10K"; VariantName = "[No Variations]"
Add component (AddParameter): Name = "参数"; Value = "Res,0805,0R,±1%,1/8W,100ppm,155C"; VariantName = "[No Variations]"
Added Component: Designator=R10(电阻_R0603)
Add component. Clean all parameters for all variants
Add component (AddParameter): Name = "P"; Value = "1/8W"; VariantName = "[No Variations]"
Add component (AddParameter): Name = "R"; Value = "10K"; VariantName = "[No Variations]"
Add component (AddParameter): Name = "参数"; Value = "Res,0805,0R,±1%,1/8W,100ppm,155C"; VariantName = "[No Variations]"
Added Component: Designator=R11(电阻_R0603)
Add component. Clean all parameters for all variants
Add component (AddParameter): Name = "P"; Value = "1/8W"; VariantName = "[No Variations]"
Add component (AddParameter): Name = "R"; Value = "10K"; VariantName = "[No Variations]"
Add component (AddParameter): Name = "参数"; Value = "Res,0805,0R,±1%,1/8W,100ppm,155C"; VariantName = "[No Variations]"
Added Component: Designator=R12(电阻_R0603)
Add component. Clean all parameters for all variants
Add component (AddParameter): Name = "P"; Value = "1/8W"; VariantName = "[No Variations]"
Add component (AddParameter): Name = "R"; Value = "10K"; VariantName = "[No Variations]"
Add component (AddParameter): Name = "参数"; Value = "Res,0805,0R,±1%,1/8W,100ppm,155C"; VariantName = "[No Variations]"
Added Component: Designator=R13(电阻_R0603)
Add component. Clean all parameters for all variants
Add component (AddParameter): Name = "P"; Value = "1/8W"; VariantName = "[No Variations]"
Add component (AddParameter): Name = "R"; Value = "10K"; VariantName = "[No Variations]"
Add component (AddParameter): Name = "参数"; Value = "Res,0805,0R,±1%,1/8W,100ppm,155C"; VariantName = "[No Variations]"
Added Component: Designator=R14(电阻_R0603)
Add component. Clean all parameters for all variants
Add component (AddParameter): Name = "P"; Value = "1/8W"; VariantName = "[No Variations]"
Add component (AddParameter): Name = "R"; Value = "10K"; VariantName = "[No Variations]"
Add component (AddParameter): Name = "参数"; Value = "Res,0805,0R,±1%,1/8W,100ppm,155C"; VariantName = "[No Variations]"
Added Component: Designator=R15(电阻_R0603)
Add component. Clean all parameters for all variants
Add component (AddParameter): Name = "P"; Value = "1/8W"; VariantName = "[No Variations]"
Add component (AddParameter): Name = "R"; Value = "10K"; VariantName = "[No Variations]"
Add component (AddParameter): Name = "参数"; Value = "Res,0805,0R,±1%,1/8W,100ppm,155C"; VariantName = "[No Variations]"
Added Component: Designator=R16(电阻_R0603)
Add component. Clean all parameters for all variants
Add component (AddParameter): Name = "P"; Value = "1/8W"; VariantName = "[No Variations]"
Add component (AddParameter): Name = "R"; Value = "10K"; VariantName = "[No Variations]"
Add component (AddParameter): Name = "参数"; Value = "Res,0805,0R,±1%,1/8W,100ppm,155C"; VariantName = "[No Variations]"
Added Component: Designator=R17(电阻_R0603)
Add component. Clean all parameters for all variants
Add component (AddParameter): Name = "P"; Value = "1/8W"; VariantName = "[No Variations]"
Add component (AddParameter): Name = "R"; Value = "10K"; VariantName = "[No Variations]"
Add component (AddParameter): Name = "参数"; Value = "Res,0805,0R,±1%,1/8W,100ppm,155C"; VariantName = "[No Variations]"
Added Component: Designator=R18(电阻_R0603)
Add component. Clean all parameters for all variants
Add component (AddParameter): Name = "P"; Value = "1/8W"; VariantName = "[No Variations]"
Add component (AddParameter): Name = "R"; Value = "10K"; VariantName = "[No Variations]"
Add component (AddParameter): Name = "参数"; Value = "Res,0805,0R,±1%,1/8W,100ppm,155C"; VariantName = "[No Variations]"
Added Component: Designator=R19(电阻_R0603)
Add component. Clean all parameters for all variants
Add component (AddParameter): Name = "P"; Value = "1/8W"; VariantName = "[No Variations]"
Add component (AddParameter): Name = "R"; Value = "10K"; VariantName = "[No Variations]"
Add component (AddParameter): Name = "参数"; Value = "Res,0805,0R,±1%,1/8W,100ppm,155C"; VariantName = "[No Variations]"
Added Component: Designator=R20(电阻_R0603)
Add component. Clean all parameters for all variants
Add component (AddParameter): Name = "P"; Value = "1/8W"; VariantName = "[No Variations]"
Add component (AddParameter): Name = "R"; Value = "10K"; VariantName = "[No Variations]"
Add component (AddParameter): Name = "参数"; Value = "Res,0805,0R,±1%,1/8W,100ppm,155C"; VariantName = "[No Variations]"
Added Component: Designator=U1(VQFN-15-HR)
Add component. Clean all parameters for all variants
Added Component: Designator=U2(74HC系列_SOP16)
Add component. Clean all parameters for all variants
Added Component: Designator=U3(GT-24)
Add component. Clean all parameters for all variants
Added Component: Designator=U4(STM32_DIP)
Add component. Clean all parameters for all variants
Add component (AddParameter): Name = "ComponentLink1Description"; Value = "Manufacturer URL"; VariantName = "[No Variations]"
Add component (AddParameter): Name = "ComponentLink1URL"; Value = "http://www.st.com/web/en/home.html"; VariantName = "[No Variations]"
Add component (AddParameter): Name = "ComponentLink2Description"; Value = "Datasheet"; VariantName = "[No Variations]"
Add component (AddParameter): Name = "ComponentLink2URL"; Value = "http://www.st.com/st-web-ui/static/active/en/resource/technical/document/data_brief/DM00071938.pdf"; VariantName = "[No Variations]"
Add component (AddParameter): Name = "ComponentLink3Description"; Value = "Package Specification"; VariantName = "[No Variations]"
Add component (AddParameter): Name = "ComponentLink3URL"; Value = "http://www.st.com/st-web-ui/static/active/en/resource/technical/document/data_brief/DM00071938.pdf"; VariantName = "[No Variations]"
Add component (AddParameter): Name = "Core"; Value = "ARM Cortex-M4"; VariantName = "[No Variations]"
Add component (AddParameter): Name = "DatasheetVersion"; Value = "Rev. 1"; VariantName = "[No Variations]"
Add component (AddParameter): Name = "FLASH Size (Prog) (kB)"; Value = "256"; VariantName = "[No Variations]"
Add component (AddParameter): Name = "I/Os (High Current)"; Value = "36"; VariantName = "[No Variations]"
Add component (AddParameter): Name = "Internal RAM Size (kB)"; Value = "64"; VariantName = "[No Variations]"
Add component (AddParameter): Name = "Manufacturer"; Value = "STMicroelectronics"; VariantName = "[No Variations]"
Add component (AddParameter): Name = "Mounting Technology"; Value = "Surface Mount"; VariantName = "[No Variations]"
Add component (AddParameter): Name = "Operating Frequency(F) (Processor speed) (MHz)"; Value = "84"; VariantName = "[No Variations]"
Add component (AddParameter): Name = "PackageDescription"; Value = "48-Pin Ultra Thin Fine Pitch Quad Flat No-Lead, 7 x 7 x 0.6 mm Body, 0.5 mm Pitch, Exposed Pad"; VariantName = "[No Variations]"
Add component (AddParameter): Name = "PackageReference"; Value = "UFQFPN48"; VariantName = "[No Variations]"
Add component (AddParameter): Name = "PackageVersion"; Value = "Rev. 1, 04/2013"; VariantName = "[No Variations]"
Add component (AddParameter): Name = "Packing"; Value = "Tray"; VariantName = "[No Variations]"
Add component (AddParameter): Name = "PartNumber"; Value = "STM32F401CCU6"; VariantName = "[No Variations]"
Add component (AddParameter): Name = "Supplier 1"; Value = "Newark"; VariantName = "[No Variations]"
Add component (AddParameter): Name = "Supplier 2"; Value = "Mouser"; VariantName = "[No Variations]"
Add component (AddParameter): Name = "Supplier Part Number 1"; Value = "19X6217"; VariantName = "[No Variations]"
Add component (AddParameter): Name = "Supplier Part Number 2"; Value = "511-STM32F401CCU6"; VariantName = "[No Variations]"
Add component (AddParameter): Name = "Supply Voltage(Vcc) max (V)"; Value = "3.6"; VariantName = "[No Variations]"
Add component (AddParameter): Name = "Supply Voltage(Vcc) min (V)"; Value = "1.8"; VariantName = "[No Variations]"
Added Component: Designator=U5(SOP8)
Add component. Clean all parameters for all variants
Added Component: Designator=U6(1.14IPS-LCD)
Add component. Clean all parameters for all variants
Added Component: Designator=U7(74HC系列_SOP16)
Add component. Clean all parameters for all variants
Added Component: Designator=U8(串口_MSOP10)
Add component. Clean all parameters for all variants
Add component (AddParameter): Name = "_Comma"; Value = ","; VariantName = "[No Variations]"
Add component (AddParameter): Name = "_Footprint"; Value = "MSOP10"; VariantName = "[No Variations]"
Add component (AddParameter): Name = "_Model"; Value = "CH340E"; VariantName = "[No Variations]"
Add component (AddParameter): Name = "_Name"; Value = "USB-UART"; VariantName = "[No Variations]"
Add component (AddParameter): Name = "_Specification"; Value = "USB-UART,CH340E,MSOP10"; VariantName = "[No Variations]"
Added Pin To Net: NetName=+5V Pin=C13-2
Added Net: Name=+5V
Added Pin To Net: NetName=3.3V Pin=U4-22
Added Pin To Net: NetName=3.3V Pin=U4-49
Added Net: Name=3.3V
Added Pin To Net: NetName=3V3 Pin=C8-2
Added Pin To Net: NetName=3V3 Pin=C11-2
Added Pin To Net: NetName=3V3 Pin=C12-2
Added Pin To Net: NetName=3V3 Pin=C14-2
Added Pin To Net: NetName=3V3 Pin=R5-1
Added Pin To Net: NetName=3V3 Pin=R6-1
Added Pin To Net: NetName=3V3 Pin=R7-1
Added Pin To Net: NetName=3V3 Pin=R8-1
Added Pin To Net: NetName=3V3 Pin=R9-1
Added Pin To Net: NetName=3V3 Pin=R10-1
Added Pin To Net: NetName=3V3 Pin=R11-1
Added Pin To Net: NetName=3V3 Pin=R12-1
Added Pin To Net: NetName=3V3 Pin=U2-16
Added Pin To Net: NetName=3V3 Pin=U3-1
Added Pin To Net: NetName=3V3 Pin=U5-8
Added Net: Name=3V3
Added Pin To Net: NetName=5V Pin=U4-24
Added Pin To Net: NetName=5V Pin=U4-47
Added Net: Name=5V
Added Pin To Net: NetName=BAT Pin=Pad1-1
Added Net: Name=BAT
Added Pin To Net: NetName=BT_KEY Pin=U4-4
Added Net: Name=BT_KEY
Added Pin To Net: NetName=BT_POWER Pin=U4-3
Added Net: Name=BT_POWER
Added Pin To Net: NetName=BT_RXD Pin=U4-32
Added Net: Name=BT_RXD
Added Pin To Net: NetName=BT_STATE Pin=U4-2
Added Net: Name=BT_STATE
Added Pin To Net: NetName=BT_TXD Pin=U4-33
Added Net: Name=BT_TXD
Added Pin To Net: NetName=BUZZ Pin=U4-25
Added Net: Name=BUZZ
Added Pin To Net: NetName=CHG-KEY Pin=U4-38
Added Net: Name=CHG-KEY
Added Pin To Net: NetName=GND Pin=C1-2
Added Pin To Net: NetName=GND Pin=C2-2
Added Pin To Net: NetName=GND Pin=C3-2
Added Pin To Net: NetName=GND Pin=C4-2
Added Pin To Net: NetName=GND Pin=C5-2
Added Pin To Net: NetName=GND Pin=C6-2
Added Pin To Net: NetName=GND Pin=C7-1
Added Pin To Net: NetName=GND Pin=C8-1
Added Pin To Net: NetName=GND Pin=C9-1
Added Pin To Net: NetName=GND Pin=C10-1
Added Pin To Net: NetName=GND Pin=C11-1
Added Pin To Net: NetName=GND Pin=C12-1
Added Pin To Net: NetName=GND Pin=C13-1
Added Pin To Net: NetName=GND Pin=C14-1
Added Pin To Net: NetName=GND Pin=C15-1
Added Pin To Net: NetName=GND Pin=K1-1
Added Pin To Net: NetName=GND Pin=K1-1
Added Pin To Net: NetName=GND Pin=K3-1
Added Pin To Net: NetName=GND Pin=K3-1
Added Pin To Net: NetName=GND Pin=K4-1
Added Pin To Net: NetName=GND Pin=K4-1
Added Pin To Net: NetName=GND Pin=K6-1
Added Pin To Net: NetName=GND Pin=K6-1
Added Pin To Net: NetName=GND Pin=K7-1
Added Pin To Net: NetName=GND Pin=K7-1
Added Pin To Net: NetName=GND Pin=K9-1
Added Pin To Net: NetName=GND Pin=K9-1
Added Pin To Net: NetName=GND Pin=P1-0
Added Pin To Net: NetName=GND Pin=P1-0
Added Pin To Net: NetName=GND Pin=P1-0
Added Pin To Net: NetName=GND Pin=P1-0
Added Pin To Net: NetName=GND Pin=P1-5
Added Pin To Net: NetName=GND Pin=Pad2-1
Added Pin To Net: NetName=GND Pin=R4-2
Added Pin To Net: NetName=GND Pin=U1-4
Added Pin To Net: NetName=GND Pin=U1-6
Added Pin To Net: NetName=GND Pin=U1-10
Added Pin To Net: NetName=GND Pin=U1-15
Added Pin To Net: NetName=GND Pin=U2-8
Added Pin To Net: NetName=GND Pin=U2-15
Added Pin To Net: NetName=GND Pin=U3-8
Added Pin To Net: NetName=GND Pin=U4-23
Added Pin To Net: NetName=GND Pin=U4-48
Added Pin To Net: NetName=GND Pin=U5-1
Added Pin To Net: NetName=GND Pin=U5-2
Added Pin To Net: NetName=GND Pin=U5-3
Added Pin To Net: NetName=GND Pin=U5-4
Added Pin To Net: NetName=GND Pin=U5-7
Added Pin To Net: NetName=GND Pin=U7-8
Added Pin To Net: NetName=GND Pin=U7-15
Added Pin To Net: NetName=GND Pin=U8-3
Added Net: Name=GND
Added Pin To Net: NetName=HC1_D0 Pin=K7-2
Added Pin To Net: NetName=HC1_D0 Pin=K7-2
Added Pin To Net: NetName=HC1_D0 Pin=R5-2
Added Pin To Net: NetName=HC1_D0 Pin=U2-11
Added Net: Name=HC1_D0
Added Pin To Net: NetName=HC1_D1 Pin=K9-2
Added Pin To Net: NetName=HC1_D1 Pin=K9-2
Added Pin To Net: NetName=HC1_D1 Pin=R6-2
Added Pin To Net: NetName=HC1_D1 Pin=U2-12
Added Net: Name=HC1_D1
Added Pin To Net: NetName=HC1_D2 Pin=R7-2
Added Pin To Net: NetName=HC1_D2 Pin=U2-13
Added Net: Name=HC1_D2
Added Pin To Net: NetName=HC1_D3 Pin=R8-2
Added Pin To Net: NetName=HC1_D3 Pin=U2-14
Added Net: Name=HC1_D3
Added Pin To Net: NetName=HC1_D4 Pin=R9-2
Added Pin To Net: NetName=HC1_D4 Pin=U2-3
Added Net: Name=HC1_D4
Added Pin To Net: NetName=HC1_D5 Pin=R10-2
Added Pin To Net: NetName=HC1_D5 Pin=U2-4
Added Net: Name=HC1_D5
Added Pin To Net: NetName=HC1_D6 Pin=R11-2
Added Pin To Net: NetName=HC1_D6 Pin=U2-5
Added Net: Name=HC1_D6
Added Pin To Net: NetName=HC1_D7 Pin=R12-2
Added Pin To Net: NetName=HC1_D7 Pin=U2-6
Added Net: Name=HC1_D7
Added Pin To Net: NetName=HC2_D0 Pin=K3-2
Added Pin To Net: NetName=HC2_D0 Pin=K3-2
Added Pin To Net: NetName=HC2_D0 Pin=R13-2
Added Pin To Net: NetName=HC2_D0 Pin=U7-11
Added Net: Name=HC2_D0
Added Pin To Net: NetName=HC2_D1 Pin=K1-2
Added Pin To Net: NetName=HC2_D1 Pin=K1-2
Added Pin To Net: NetName=HC2_D1 Pin=R14-2
Added Pin To Net: NetName=HC2_D1 Pin=U7-12
Added Net: Name=HC2_D1
Added Pin To Net: NetName=HC2_D2 Pin=K4-2
Added Pin To Net: NetName=HC2_D2 Pin=K4-2
Added Pin To Net: NetName=HC2_D2 Pin=R15-2
Added Pin To Net: NetName=HC2_D2 Pin=U7-13
Added Net: Name=HC2_D2
Added Pin To Net: NetName=HC2_D3 Pin=K6-2
Added Pin To Net: NetName=HC2_D3 Pin=K6-2
Added Pin To Net: NetName=HC2_D3 Pin=R16-2
Added Pin To Net: NetName=HC2_D3 Pin=U7-14
Added Net: Name=HC2_D3
Added Pin To Net: NetName=HC2_D4 Pin=R17-2
Added Pin To Net: NetName=HC2_D4 Pin=U7-3
Added Net: Name=HC2_D4
Added Pin To Net: NetName=HC2_D5 Pin=R18-2
Added Pin To Net: NetName=HC2_D5 Pin=U7-4
Added Net: Name=HC2_D5
Added Pin To Net: NetName=HC2_D6 Pin=R19-2
Added Pin To Net: NetName=HC2_D6 Pin=U7-5
Added Net: Name=HC2_D6
Added Pin To Net: NetName=HC2_D7 Pin=R20-2
Added Pin To Net: NetName=HC2_D7 Pin=U7-6
Added Net: Name=HC2_D7
Added Pin To Net: NetName=HC2_Q7 Pin=U2-10
Added Net: Name=HC2_Q7
Added Pin To Net: NetName=HC_CP Pin=U2-2
Added Pin To Net: NetName=HC_CP Pin=U4-27
Added Net: Name=HC_CP
Added Pin To Net: NetName=HC_PL Pin=U2-1
Added Pin To Net: NetName=HC_PL Pin=U4-26
Added Net: Name=HC_PL
Added Pin To Net: NetName=HC_Q7 Pin=U2-7
Added Pin To Net: NetName=HC_Q7 Pin=U4-28
Added Net: Name=HC_Q7
Added Pin To Net: NetName=JSL-X Pin=C9-2
Added Pin To Net: NetName=JSL-X Pin=U4-10
Added Net: Name=JSL-X
Added Pin To Net: NetName=JSL-Y Pin=C10-2
Added Pin To Net: NetName=JSL-Y Pin=U4-11
Added Net: Name=JSL-Y
Added Pin To Net: NetName=JSR-X Pin=U4-12
Added Net: Name=JSR-X
Added Pin To Net: NetName=JSR-Y Pin=U4-13
Added Net: Name=JSR-Y
Added Pin To Net: NetName=LCD-BLK Pin=U4-21
Added Net: Name=LCD-BLK
Added Pin To Net: NetName=LCD-CS Pin=U4-14
Added Net: Name=LCD-CS
Added Pin To Net: NetName=LCD-DC Pin=U4-16
Added Net: Name=LCD-DC
Added Pin To Net: NetName=LCD-RST Pin=U4-20
Added Net: Name=LCD-RST
Added Pin To Net: NetName=LCD-SCL Pin=U4-15
Added Net: Name=LCD-SCL
Added Pin To Net: NetName=LCD-SDA Pin=U4-17
Added Net: Name=LCD-SDA
Added Pin To Net: NetName=LED Pin=U4-29
Added Net: Name=LED
Added Pin To Net: NetName=M1-IN1 Pin=U4-19
Added Net: Name=M1-IN1
Added Pin To Net: NetName=M1-IN2 Pin=U4-18
Added Net: Name=M1-IN2
Added Pin To Net: NetName=MCU-RX Pin=U4-31
Added Net: Name=MCU-RX
Added Pin To Net: NetName=MCU-SCL Pin=U4-45
Added Pin To Net: NetName=MCU-SCL Pin=U5-6
Added Net: Name=MCU-SCL
Added Pin To Net: NetName=MCU-SDA Pin=U4-46
Added Pin To Net: NetName=MCU-SDA Pin=U5-5
Added Net: Name=MCU-SDA
Added Pin To Net: NetName=MCU-TX Pin=U4-30
Added Net: Name=MCU-TX
Added Pin To Net: NetName=NetC7_2 Pin=C7-2
Added Pin To Net: NetName=NetC7_2 Pin=U1-3
Added Net: Name=NetC7_2
Added Pin To Net: NetName=NetL1_1 Pin=L1-1
Added Pin To Net: NetName=NetL1_1 Pin=U1-11
Added Net: Name=NetL1_1
Added Pin To Net: NetName=NetL1_2 Pin=L1-2
Added Pin To Net: NetName=NetL1_2 Pin=U1-9
Added Net: Name=NetL1_2
Added Pin To Net: NetName=NetR1_1 Pin=R1-1
Added Pin To Net: NetName=NetR1_1 Pin=U1-1
Added Pin To Net: NetName=NetR1_1 Pin=U1-14
Added Net: Name=NetR1_1
Added Pin To Net: NetName=NetR2_2 Pin=R2-2
Added Pin To Net: NetName=NetR2_2 Pin=R4-1
Added Pin To Net: NetName=NetR2_2 Pin=U1-5
Added Net: Name=NetR2_2
Added Pin To Net: NetName=NetR3_2 Pin=R3-2
Added Pin To Net: NetName=NetR3_2 Pin=U1-2
Added Net: Name=NetR3_2
Added Pin To Net: NetName=NRF_CE Pin=U3-2
Added Pin To Net: NetName=NRF_CE Pin=U4-39
Added Net: Name=NRF_CE
Added Pin To Net: NetName=NRF_CSN Pin=U3-3
Added Pin To Net: NetName=NRF_CSN Pin=U4-40
Added Net: Name=NRF_CSN
Added Pin To Net: NetName=NRF_MISO Pin=U3-6
Added Pin To Net: NetName=NRF_MISO Pin=U4-43
Added Net: Name=NRF_MISO
Added Pin To Net: NetName=NRF_MOSI Pin=U3-5
Added Pin To Net: NetName=NRF_MOSI Pin=U4-42
Added Net: Name=NRF_MOSI
Added Pin To Net: NetName=NRF_SCK Pin=U3-4
Added Pin To Net: NetName=NRF_SCK Pin=U4-41
Added Net: Name=NRF_SCK
Added Pin To Net: NetName=R +5V Pin=C1-1
Added Pin To Net: NetName=R +5V Pin=C2-1
Added Pin To Net: NetName=R +5V Pin=C3-1
Added Pin To Net: NetName=R +5V Pin=R1-2
Added Pin To Net: NetName=R +5V Pin=U1-12
Added Pin To Net: NetName=R +5V Pin=U1-12
Added Pin To Net: NetName=R +5V Pin=U1-12
Added Net: Name=R +5V
Added Pin To Net: NetName=R-3V3 Pin=C4-1
Added Pin To Net: NetName=R-3V3 Pin=C5-1
Added Pin To Net: NetName=R-3V3 Pin=C6-1
Added Pin To Net: NetName=R-3V3 Pin=C15-2
Added Pin To Net: NetName=R-3V3 Pin=R2-1
Added Pin To Net: NetName=R-3V3 Pin=R3-1
Added Pin To Net: NetName=R-3V3 Pin=R13-1
Added Pin To Net: NetName=R-3V3 Pin=R14-1
Added Pin To Net: NetName=R-3V3 Pin=R15-1
Added Pin To Net: NetName=R-3V3 Pin=R16-1
Added Pin To Net: NetName=R-3V3 Pin=R17-1
Added Pin To Net: NetName=R-3V3 Pin=R18-1
Added Pin To Net: NetName=R-3V3 Pin=R19-1
Added Pin To Net: NetName=R-3V3 Pin=R20-1
Added Pin To Net: NetName=R-3V3 Pin=U1-7
Added Pin To Net: NetName=R-3V3 Pin=U1-7
Added Pin To Net: NetName=R-3V3 Pin=U1-7
Added Pin To Net: NetName=R-3V3 Pin=U7-16
Added Pin To Net: NetName=R-3V3 Pin=U8-7
Added Pin To Net: NetName=R-3V3 Pin=U8-10
Added Net: Name=R-3V3
Added Pin To Net: NetName=R-HC2_Q7 Pin=U7-7
Added Net: Name=R-HC2_Q7
Added Pin To Net: NetName=R-HC_CP Pin=U7-2
Added Net: Name=R-HC_CP
Added Pin To Net: NetName=R-HC_PL Pin=U7-1
Added Net: Name=R-HC_PL
Added Pin To Net: NetName=R-MCU-RX Pin=U8-8
Added Net: Name=R-MCU-RX
Added Pin To Net: NetName=R-MCU-TX Pin=U8-9
Added Net: Name=R-MCU-TX
Added Pin To Net: NetName=RST Pin=U4-7
Added Net: Name=RST
Added Net: Name=SWDIO
Added Pin To Net: NetName=UD+ Pin=P1-3
Added Pin To Net: NetName=UD+ Pin=U8-1
Added Net: Name=UD+
Added Pin To Net: NetName=UD- Pin=P1-2
Added Pin To Net: NetName=UD- Pin=U8-2
Added Net: Name=UD-
Added Pin To Net: NetName=USB-VCC Pin=P1-1
Added Net: Name=USB-VCC
Added Pin To Net: NetName=VCAP_1 Pin=U4-1
Added Net: Name=VCAP_1
Added Class: Name=无线遥控器
