Added Component: Designator=S?(三段开关)
Add component. Clean all parameters for all variants
Added Component: Designator=S?(三段开关)
Add component. Clean all parameters for all variants
Added Component: Designator=S?(三段开关)
Add component. Clean all parameters for all variants
Added Component: Designator=S?(三段开关)
Add component. Clean all parameters for all variants
Added Pin To Net: NetName=HC1_D4 Pin=S?-0
Added Pin To Net: NetName=HC1_D7 Pin=S?-0
Added Pin To Net: NetName=HC2_D5 Pin=S?-0
Added Pin To Net: NetName=HC2_D7 Pin=S?-0
Added Pin To Net: NetName=GND Pin=S?-1
Added Pin To Net: NetName=GND Pin=S?-1
Added Pin To Net: NetName=GND Pin=S?-1
Added Pin To Net: NetName=GND Pin=S?-1
Added Pin To Net: NetName=HC1_D5 Pin=S?-2
Added Pin To Net: NetName=HC1_D6 Pin=S?-2
Added Pin To Net: NetName=HC2_D4 Pin=S?-2
Added Pin To Net: NetName=HC2_D6 Pin=S?-2
Added Member To Class: ClassName=无线遥控器 Member=Component S? 三段开关
Added Member To Class: ClassName=无线遥控器 Member=Component S? 三段开关
Added Member To Class: ClassName=无线遥控器 Member=Component S? 三段开关
Added Member To Class: ClassName=无线遥控器 Member=Component S? 三段开关
Added Room: Name=无线遥控器
