Removed Pin From Net: NetName=USB-VCC Pin=U4-24
Removed Pin From Net: NetName=USB-VCC Pin=U4-47
Change Component Designator: OldDesignator=BAT NewDesignator=Pad1
Change Component Designator: OldDesignator=GND NewDesignator=Pad2
Added Component: Designator=C17(电容_C0603)
Add component. Clean all parameters for all variants
Add component (AddParameter): Name = "C"; Value = "10uf"; VariantName = "[No Variations]"
Add component (AddParameter): Name = "U"; Value = "50V"; VariantName = "[No Variations]"
Add component (AddParameter): Name = "参数"; Value = "Cap,0805,X7R,104K,50V,125C,±10%"; VariantName = "[No Variations]"
Added Component: Designator=C18(电容_C0603)
Add component. Clean all parameters for all variants
Add component (AddParameter): Name = "C"; Value = "10uf"; VariantName = "[No Variations]"
Add component (AddParameter): Name = "U"; Value = "50V"; VariantName = "[No Variations]"
Add component (AddParameter): Name = "参数"; Value = "Cap,0805,X7R,104K,50V,125C,±10%"; VariantName = "[No Variations]"
Added Component: Designator=D2(LED_0603)
Add component. Clean all parameters for all variants
Add component (AddParameter): Name = "参数"; Value = "LED,0603,Red"; VariantName = "[No Variations]"
Added Component: Designator=D3(LED_0603)
Add component. Clean all parameters for all variants
Add component (AddParameter): Name = "参数"; Value = "LED,0603,Red"; VariantName = "[No Variations]"
Added Component: Designator=R26(电阻_R0603)
Add component. Clean all parameters for all variants
Add component (AddParameter): Name = "P"; Value = "1/8W"; VariantName = "[No Variations]"
Add component (AddParameter): Name = "R"; Value = "2k"; VariantName = "[No Variations]"
Add component (AddParameter): Name = "参数"; Value = "Res,0805,0R,±1%,1/8W,100ppm,155C"; VariantName = "[No Variations]"
Added Component: Designator=R27(电阻_R0603)
Add component. Clean all parameters for all variants
Add component (AddParameter): Name = "P"; Value = "1/8W"; VariantName = "[No Variations]"
Add component (AddParameter): Name = "R"; Value = "2k"; VariantName = "[No Variations]"
Add component (AddParameter): Name = "参数"; Value = "Res,0805,0R,±1%,1/8W,100ppm,155C"; VariantName = "[No Variations]"
Added Component: Designator=U9(SOP-8_PAD)
Add component. Clean all parameters for all variants
Add component (AddParameter): Name = "参数"; Value = "Charge Control,LP4056,ESOP-8"; VariantName = "[No Variations]"
Added Pin To Net: NetName=GND Pin=C17-1
Added Pin To Net: NetName=USB-VCC Pin=C17-2
Added Pin To Net: NetName=GND Pin=C18-1
Added Pin To Net: NetName=BAT Pin=C18-2
Added Pin To Net: NetName=GND Pin=R26-1
Added Pin To Net: NetName=USB-VCC Pin=R27-2
Added Pin To Net: NetName=GND Pin=U9-1
Added Pin To Net: NetName=GND Pin=U9-3
Added Pin To Net: NetName=GND Pin=U9-3
Added Pin To Net: NetName=USB-VCC Pin=U9-4
Added Pin To Net: NetName=BAT Pin=U9-5
Added Pin To Net: NetName=USB-VCC Pin=U9-8
Change Net Name : Old Net Name=USB-VCC New Net Name=USB_VCC
Added Pin To Net: NetName=NetD2_A Pin=D2-A
Added Pin To Net: NetName=NetD2_A Pin=R27-1
Added Net: Name=NetD2_A
Added Pin To Net: NetName=NetD2_K Pin=D2-K
Added Pin To Net: NetName=NetD2_K Pin=U9-7
Added Net: Name=NetD2_K
Added Pin To Net: NetName=NetD3_A Pin=D3-A
Added Net: Name=NetD3_A
Added Pin To Net: NetName=NetD3_K Pin=D3-K
Added Pin To Net: NetName=NetD3_K Pin=U9-6
Added Net: Name=NetD3_K
Added Pin To Net: NetName=NetR26_2 Pin=R26-2
Added Pin To Net: NetName=NetR26_2 Pin=U9-2
Added Net: Name=NetR26_2
Added Member To Class: ClassName=无线遥控器 Member=Component C17 10uf
Added Member To Class: ClassName=无线遥控器 Member=Component C18 10uf
Added Member To Class: ClassName=无线遥控器 Member=Component D2 red
Added Member To Class: ClassName=无线遥控器 Member=Component D3 green
Added Member To Class: ClassName=无线遥控器 Member=Component R26 2k
Added Member To Class: ClassName=无线遥控器 Member=Component R27 2k
Added Member To Class: ClassName=无线遥控器 Member=Component U9 TP4056
Added Room: Name=无线遥控器
