Added Component: Designator=BZ1(BUZZ-DIP)
Add component. Clean all parameters for all variants
Added Component: Designator=C1(电容_C0603)
Add component. Clean all parameters for all variants
Add component (AddParameter): Name = "C"; Value = "106"; VariantName = "[No Variations]"
Add component (AddParameter): Name = "U"; Value = "50V"; VariantName = "[No Variations]"
Add component (AddParameter): Name = "参数"; Value = "Cap,0805,X7R,104K,50V,125C,±10%"; VariantName = "[No Variations]"
Added Component: Designator=C2(电容_C0603)
Add component. Clean all parameters for all variants
Add component (AddParameter): Name = "C"; Value = "106"; VariantName = "[No Variations]"
Add component (AddParameter): Name = "U"; Value = "50V"; VariantName = "[No Variations]"
Add component (AddParameter): Name = "参数"; Value = "Cap,0805,X7R,104K,50V,125C,±10%"; VariantName = "[No Variations]"
Added Component: Designator=C3(电容_C0603)
Add component. Clean all parameters for all variants
Add component (AddParameter): Name = "C"; Value = "106"; VariantName = "[No Variations]"
Add component (AddParameter): Name = "U"; Value = "50V"; VariantName = "[No Variations]"
Add component (AddParameter): Name = "参数"; Value = "Cap,0805,X7R,104K,50V,125C,±10%"; VariantName = "[No Variations]"
Added Component: Designator=C4(电容_C0603)
Add component. Clean all parameters for all variants
Add component (AddParameter): Name = "C"; Value = "106"; VariantName = "[No Variations]"
Add component (AddParameter): Name = "U"; Value = "50V"; VariantName = "[No Variations]"
Add component (AddParameter): Name = "参数"; Value = "Cap,0805,X7R,104K,50V,125C,±10%"; VariantName = "[No Variations]"
Added Component: Designator=C7(电容_C0603)
Add component. Clean all parameters for all variants
Add component (AddParameter): Name = "C"; Value = "104"; VariantName = "[No Variations]"
Add component (AddParameter): Name = "U"; Value = "50V"; VariantName = "[No Variations]"
Add component (AddParameter): Name = "参数"; Value = "Cap,0805,X7R,104K,50V,125C,±10%"; VariantName = "[No Variations]"
Added Component: Designator=C8(电容_C1206)
Add component. Clean all parameters for all variants
Add component (AddParameter): Name = "C"; Value = "22uF"; VariantName = "[No Variations]"
Add component (AddParameter): Name = "U"; Value = "50V"; VariantName = "[No Variations]"
Add component (AddParameter): Name = "参数"; Value = "Cap,0805,X7R,104K,50V,125C,±10%"; VariantName = "[No Variations]"
Added Component: Designator=C9(电容_C0603)
Add component. Clean all parameters for all variants
Add component (AddParameter): Name = "C"; Value = "104"; VariantName = "[No Variations]"
Add component (AddParameter): Name = "U"; Value = "50V"; VariantName = "[No Variations]"
Add component (AddParameter): Name = "参数"; Value = "Cap,0805,X7R,104K,50V,125C,±10%"; VariantName = "[No Variations]"
Added Component: Designator=C10(电容_C0603)
Add component. Clean all parameters for all variants
Add component (AddParameter): Name = "C"; Value = "104"; VariantName = "[No Variations]"
Add component (AddParameter): Name = "U"; Value = "50V"; VariantName = "[No Variations]"
Add component (AddParameter): Name = "参数"; Value = "Cap,0805,X7R,104K,50V,125C,±10%"; VariantName = "[No Variations]"
Added Component: Designator=C11(电容_C0603)
Add component. Clean all parameters for all variants
Add component (AddParameter): Name = "C"; Value = "105"; VariantName = "[No Variations]"
Add component (AddParameter): Name = "U"; Value = "50V"; VariantName = "[No Variations]"
Add component (AddParameter): Name = "参数"; Value = "Cap,0805,X7R,104K,50V,125C,±10%"; VariantName = "[No Variations]"
Added Component: Designator=C12(电容_C0603)
Add component. Clean all parameters for all variants
Add component (AddParameter): Name = "C"; Value = "104"; VariantName = "[No Variations]"
Add component (AddParameter): Name = "U"; Value = "50V"; VariantName = "[No Variations]"
Add component (AddParameter): Name = "参数"; Value = "Cap,0805,X7R,104K,50V,125C,±10%"; VariantName = "[No Variations]"
Added Component: Designator=C13(电容_C0603)
Add component. Clean all parameters for all variants
Add component (AddParameter): Name = "C"; Value = "105"; VariantName = "[No Variations]"
Add component (AddParameter): Name = "U"; Value = "50V"; VariantName = "[No Variations]"
Add component (AddParameter): Name = "参数"; Value = "Cap,0805,X7R,104K,50V,125C,±10%"; VariantName = "[No Variations]"
Added Component: Designator=C14(电容_C1206)
Add component. Clean all parameters for all variants
Add component (AddParameter): Name = "C"; Value = "22uF"; VariantName = "[No Variations]"
Add component (AddParameter): Name = "U"; Value = "50V"; VariantName = "[No Variations]"
Add component (AddParameter): Name = "参数"; Value = "Cap,0805,X7R,104K,50V,125C,±10%"; VariantName = "[No Variations]"
Added Component: Designator=C15(电容_C0603)
Add component. Clean all parameters for all variants
Add component (AddParameter): Name = "C"; Value = "105"; VariantName = "[No Variations]"
Add component (AddParameter): Name = "U"; Value = "50V"; VariantName = "[No Variations]"
Add component (AddParameter): Name = "参数"; Value = "Cap,0805,X7R,104K,50V,125C,±10%"; VariantName = "[No Variations]"
Added Component: Designator=C16(电容_C0603)
Add component. Clean all parameters for all variants
Add component (AddParameter): Name = "C"; Value = "104"; VariantName = "[No Variations]"
Add component (AddParameter): Name = "U"; Value = "50V"; VariantName = "[No Variations]"
Add component (AddParameter): Name = "参数"; Value = "Cap,0805,X7R,104K,50V,125C,±10%"; VariantName = "[No Variations]"
Added Component: Designator=C17(电容_C0603)
Add component. Clean all parameters for all variants
Add component (AddParameter): Name = "C"; Value = "1uF"; VariantName = "[No Variations]"
Add component (AddParameter): Name = "U"; Value = "50V"; VariantName = "[No Variations]"
Add component (AddParameter): Name = "参数"; Value = "Cap,0805,X7R,104K,50V,125C,±10%"; VariantName = "[No Variations]"
Added Component: Designator=C18(电容_C0603)
Add component. Clean all parameters for all variants
Add component (AddParameter): Name = "C"; Value = "1uF"; VariantName = "[No Variations]"
Add component (AddParameter): Name = "U"; Value = "50V"; VariantName = "[No Variations]"
Add component (AddParameter): Name = "参数"; Value = "Cap,0805,X7R,104K,50V,125C,±10%"; VariantName = "[No Variations]"
Added Component: Designator=C19(电容_C0603)
Add component. Clean all parameters for all variants
Add component (AddParameter): Name = "C"; Value = "1uF"; VariantName = "[No Variations]"
Add component (AddParameter): Name = "U"; Value = "50V"; VariantName = "[No Variations]"
Add component (AddParameter): Name = "参数"; Value = "Cap,0805,X7R,104K,50V,125C,±10%"; VariantName = "[No Variations]"
Added Component: Designator=C20(电容_C0603)
Add component. Clean all parameters for all variants
Add component (AddParameter): Name = "C"; Value = "1uF"; VariantName = "[No Variations]"
Add component (AddParameter): Name = "U"; Value = "50V"; VariantName = "[No Variations]"
Add component (AddParameter): Name = "参数"; Value = "Cap,0805,X7R,104K,50V,125C,±10%"; VariantName = "[No Variations]"
Added Component: Designator=C21(电容_C0603)
Add component. Clean all parameters for all variants
Add component (AddParameter): Name = "C"; Value = "4.7uF"; VariantName = "[No Variations]"
Add component (AddParameter): Name = "U"; Value = "50V"; VariantName = "[No Variations]"
Add component (AddParameter): Name = "参数"; Value = "Cap,0805,X7R,104K,50V,125C,±10%"; VariantName = "[No Variations]"
Added Component: Designator=C22(电容_C0603)
Add component. Clean all parameters for all variants
Add component (AddParameter): Name = "C"; Value = "104"; VariantName = "[No Variations]"
Add component (AddParameter): Name = "U"; Value = "50V"; VariantName = "[No Variations]"
Add component (AddParameter): Name = "参数"; Value = "Cap,0805,X7R,104K,50V,125C,±10%"; VariantName = "[No Variations]"
Added Component: Designator=C23(电容_C0603)
Add component. Clean all parameters for all variants
Add component (AddParameter): Name = "C"; Value = "104"; VariantName = "[No Variations]"
Add component (AddParameter): Name = "U"; Value = "50V"; VariantName = "[No Variations]"
Add component (AddParameter): Name = "参数"; Value = "Cap,0805,X7R,104K,50V,125C,±10%"; VariantName = "[No Variations]"
Added Component: Designator=C24(电容_C0603)
Add component. Clean all parameters for all variants
Add component (AddParameter): Name = "C"; Value = "105"; VariantName = "[No Variations]"
Add component (AddParameter): Name = "U"; Value = "50V"; VariantName = "[No Variations]"
Add component (AddParameter): Name = "参数"; Value = "Cap,0805,X7R,104K,50V,125C,±10%"; VariantName = "[No Variations]"
Added Component: Designator=C25(电容_C0603)
Add component. Clean all parameters for all variants
Add component (AddParameter): Name = "C"; Value = "104"; VariantName = "[No Variations]"
Add component (AddParameter): Name = "U"; Value = "50V"; VariantName = "[No Variations]"
Add component (AddParameter): Name = "参数"; Value = "Cap,0805,X7R,104K,50V,125C,±10%"; VariantName = "[No Variations]"
Added Component: Designator=D1(LED_0603)
Add component. Clean all parameters for all variants
Add component (AddParameter): Name = "Code_JEDEC"; Value = "DO-214-AB"; VariantName = "[No Variations]"
Add component (AddParameter): Name = "LatestRevisionDate"; Value = "17-Jul-2002"; VariantName = "[No Variations]"
Add component (AddParameter): Name = "LatestRevisionNote"; Value = "Re-released for DXP Platform."; VariantName = "[No Variations]"
Add component (AddParameter): Name = "PackageDescription"; Value = "DO-214-AB/SMC; 2 C-Bend Leads; Body 7.9 x 5.9 mm, inc. leads (LxW)"; VariantName = "[No Variations]"
Add component (AddParameter): Name = "PackageReference"; Value = "SMC"; VariantName = "[No Variations]"
Add component (AddParameter): Name = "PackageVersion"; Value = "Sep-1996"; VariantName = "[No Variations]"
Add component (AddParameter): Name = "Published"; Value = "8-Jun-2000"; VariantName = "[No Variations]"
Add component (AddParameter): Name = "Publisher"; Value = "Altium Limited"; VariantName = "[No Variations]"
Added Component: Designator=J1(摇杆2)
Add component. Clean all parameters for all variants
Added Component: Designator=J2(摇杆2)
Add component. Clean all parameters for all variants
Added Component: Designator=K1(KEY-SMD_4P-L6.0-W6.0-P3.90-LS10.0)
Add component. Clean all parameters for all variants
Add component (AddParameter): Name = "_Comma"; Value = ","; VariantName = "[No Variations]"
Add component (AddParameter): Name = "_Footprint"; Value = ""; VariantName = "[No Variations]"
Add component (AddParameter): Name = "_Model"; Value = "SKRP"; VariantName = "[No Variations]"
Add component (AddParameter): Name = "_Name"; Value = "KEY"; VariantName = "[No Variations]"
Add component (AddParameter): Name = "_Specification"; Value = "KEY,SKRP,*"; VariantName = "[No Variations]"
Added Component: Designator=K3(KEY-SMD_4P-L6.0-W6.0-P3.90-LS10.0)
Add component. Clean all parameters for all variants
Add component (AddParameter): Name = "_Comma"; Value = ","; VariantName = "[No Variations]"
Add component (AddParameter): Name = "_Footprint"; Value = ""; VariantName = "[No Variations]"
Add component (AddParameter): Name = "_Model"; Value = "SKRP"; VariantName = "[No Variations]"
Add component (AddParameter): Name = "_Name"; Value = "KEY"; VariantName = "[No Variations]"
Add component (AddParameter): Name = "_Specification"; Value = "KEY,SKRP,*"; VariantName = "[No Variations]"
Added Component: Designator=K4(KEY-SMD_4P-L6.0-W6.0-P3.90-LS10.0)
Add component. Clean all parameters for all variants
Add component (AddParameter): Name = "_Comma"; Value = ","; VariantName = "[No Variations]"
Add component (AddParameter): Name = "_Footprint"; Value = ""; VariantName = "[No Variations]"
Add component (AddParameter): Name = "_Model"; Value = "SKRP"; VariantName = "[No Variations]"
Add component (AddParameter): Name = "_Name"; Value = "KEY"; VariantName = "[No Variations]"
Add component (AddParameter): Name = "_Specification"; Value = "KEY,SKRP,*"; VariantName = "[No Variations]"
Added Component: Designator=K6(KEY-SMD_4P-L6.0-W6.0-P3.90-LS10.0)
Add component. Clean all parameters for all variants
Add component (AddParameter): Name = "_Comma"; Value = ","; VariantName = "[No Variations]"
Add component (AddParameter): Name = "_Footprint"; Value = ""; VariantName = "[No Variations]"
Add component (AddParameter): Name = "_Model"; Value = "SKRP"; VariantName = "[No Variations]"
Add component (AddParameter): Name = "_Name"; Value = "KEY"; VariantName = "[No Variations]"
Add component (AddParameter): Name = "_Specification"; Value = "KEY,SKRP,*"; VariantName = "[No Variations]"
Added Component: Designator=K7(KEY-SMD_4P-L6.0-W6.0-P3.90-LS10.0)
Add component. Clean all parameters for all variants
Add component (AddParameter): Name = "_Comma"; Value = ","; VariantName = "[No Variations]"
Add component (AddParameter): Name = "_Footprint"; Value = ""; VariantName = "[No Variations]"
Add component (AddParameter): Name = "_Model"; Value = "SKRP"; VariantName = "[No Variations]"
Add component (AddParameter): Name = "_Name"; Value = "KEY"; VariantName = "[No Variations]"
Add component (AddParameter): Name = "_Specification"; Value = "KEY,SKRP,*"; VariantName = "[No Variations]"
Added Component: Designator=K9(KEY-SMD_4P-L6.0-W6.0-P3.90-LS10.0)
Add component. Clean all parameters for all variants
Add component (AddParameter): Name = "_Comma"; Value = ","; VariantName = "[No Variations]"
Add component (AddParameter): Name = "_Footprint"; Value = ""; VariantName = "[No Variations]"
Add component (AddParameter): Name = "_Model"; Value = "SKRP"; VariantName = "[No Variations]"
Add component (AddParameter): Name = "_Name"; Value = "KEY"; VariantName = "[No Variations]"
Add component (AddParameter): Name = "_Specification"; Value = "KEY,SKRP,*"; VariantName = "[No Variations]"
Added Component: Designator=L1(变压器电感_0420)
Add component. Clean all parameters for all variants
Add component (AddParameter): Name = "_Accuracy"; Value = "20%"; VariantName = "[No Variations]"
Add component (AddParameter): Name = "_Comma"; Value = ","; VariantName = "[No Variations]"
Add component (AddParameter): Name = "_Current"; Value = "10A"; VariantName = "[No Variations]"
Add component (AddParameter): Name = "_Footprint"; Value = "1040"; VariantName = "[No Variations]"
Add component (AddParameter): Name = "_Name"; Value = "IND"; VariantName = "[No Variations]"
Add component (AddParameter): Name = "_Specification"; Value = "IND,1040,1.5uH,10A,20%"; VariantName = "[No Variations]"
Add component (AddParameter): Name = "_Value"; Value = "1.5uH"; VariantName = "[No Variations]"
Added Component: Designator=P1(接插件_MICRO 牛角插座 USB 卷边)
Add component. Clean all parameters for all variants
Add component (AddParameter): Name = "_Comma"; Value = ","; VariantName = "[No Variations]"
Add component (AddParameter): Name = "_Model"; Value = "MICRO USB"; VariantName = "[No Variations]"
Add component (AddParameter): Name = "_Name"; Value = "Port"; VariantName = "[No Variations]"
Add component (AddParameter): Name = "_Specification"; Value = "Port,MICRO USB,5PIN"; VariantName = "[No Variations]"
Add component (AddParameter): Name = "_Value"; Value = "5PIN"; VariantName = "[No Variations]"
Added Component: Designator=Pad1(Pad_B)
Add component. Clean all parameters for all variants
Add component (AddParameter): Name = "_Comma"; Value = ","; VariantName = "[No Variations]"
Add component (AddParameter): Name = "_Funcyusa"; Value = "Test"; VariantName = "[No Variations]"
Add component (AddParameter): Name = "_Name"; Value = "Pad"; VariantName = "[No Variations]"
Add component (AddParameter): Name = "_Remarks"; Value = "BAT"; VariantName = "[No Variations]"
Add component (AddParameter): Name = "_Specification"; Value = "Pad,Test,BAT"; VariantName = "[No Variations]"
Added Component: Designator=Pad2(Pad_B)
Add component. Clean all parameters for all variants
Add component (AddParameter): Name = "_Comma"; Value = ","; VariantName = "[No Variations]"
Add component (AddParameter): Name = "_Funcyusa"; Value = "Test"; VariantName = "[No Variations]"
Add component (AddParameter): Name = "_Name"; Value = "Pad"; VariantName = "[No Variations]"
Add component (AddParameter): Name = "_Remarks"; Value = "GND"; VariantName = "[No Variations]"
Add component (AddParameter): Name = "_Specification"; Value = "Pad,Test,GND"; VariantName = "[No Variations]"
Added Component: Designator=Q1(三极管_SOT-23)
Add component. Clean all parameters for all variants
Add component (AddParameter): Name = "_Comma"; Value = ","; VariantName = "[No Variations]"
Add component (AddParameter): Name = "_Current"; Value = "500mA"; VariantName = "[No Variations]"
Add component (AddParameter): Name = "_Footprint"; Value = "SOT-23"; VariantName = "[No Variations]"
Add component (AddParameter): Name = "_Model"; Value = "S8050"; VariantName = "[No Variations]"
Add component (AddParameter): Name = "_Name"; Value = "Triode"; VariantName = "[No Variations]"
Add component (AddParameter): Name = "_Polarity"; Value = "NPN"; VariantName = "[No Variations]"
Add component (AddParameter): Name = "_Specification"; Value = "Triode,NPN,S8050,SOT-23,500mA,40V"; VariantName = "[No Variations]"
Add component (AddParameter): Name = "_Voltage"; Value = "40V"; VariantName = "[No Variations]"
Added Component: Designator=Q2(三极管_SOT-23)
Add component. Clean all parameters for all variants
Add component (AddParameter): Name = "参数"; Value = "N-MOSFET,DFN5*6,AON6512,30V,150A"; VariantName = "[No Variations]"
Added Component: Designator=R1(电阻_R0603)
Add component. Clean all parameters for all variants
Add component (AddParameter): Name = "P"; Value = "1/8W"; VariantName = "[No Variations]"
Add component (AddParameter): Name = "R"; Value = "1M"; VariantName = "[No Variations]"
Add component (AddParameter): Name = "参数"; Value = "Res,0805,0R,±1%,1/8W,100ppm,155C"; VariantName = "[No Variations]"
Added Component: Designator=R2(电阻_R0603)
Add component. Clean all parameters for all variants
Add component (AddParameter): Name = "P"; Value = "1/8W"; VariantName = "[No Variations]"
Add component (AddParameter): Name = "R"; Value = "180K"; VariantName = "[No Variations]"
Add component (AddParameter): Name = "参数"; Value = "Res,0805,0R,±1%,1/8W,100ppm,155C"; VariantName = "[No Variations]"
Added Component: Designator=R5(电阻_R0603)
Add component. Clean all parameters for all variants
Add component (AddParameter): Name = "P"; Value = "1/8W"; VariantName = "[No Variations]"
Add component (AddParameter): Name = "R"; Value = "10K"; VariantName = "[No Variations]"
Add component (AddParameter): Name = "参数"; Value = "Res,0805,0R,±1%,1/8W,100ppm,155C"; VariantName = "[No Variations]"
Added Component: Designator=R6(电阻_R0603)
Add component. Clean all parameters for all variants
Add component (AddParameter): Name = "P"; Value = "1/8W"; VariantName = "[No Variations]"
Add component (AddParameter): Name = "R"; Value = "10K"; VariantName = "[No Variations]"
Add component (AddParameter): Name = "参数"; Value = "Res,0805,0R,±1%,1/8W,100ppm,155C"; VariantName = "[No Variations]"
Added Component: Designator=R7(电阻_R0603)
Add component. Clean all parameters for all variants
Add component (AddParameter): Name = "P"; Value = "1/8W"; VariantName = "[No Variations]"
Add component (AddParameter): Name = "R"; Value = "10K"; VariantName = "[No Variations]"
Add component (AddParameter): Name = "参数"; Value = "Res,0805,0R,±1%,1/8W,100ppm,155C"; VariantName = "[No Variations]"
Added Component: Designator=R8(电阻_R0603)
Add component. Clean all parameters for all variants
Add component (AddParameter): Name = "P"; Value = "1/8W"; VariantName = "[No Variations]"
Add component (AddParameter): Name = "R"; Value = "10K"; VariantName = "[No Variations]"
Add component (AddParameter): Name = "参数"; Value = "Res,0805,0R,±1%,1/8W,100ppm,155C"; VariantName = "[No Variations]"
Added Component: Designator=R9(电阻_R0603)
Add component. Clean all parameters for all variants
Add component (AddParameter): Name = "P"; Value = "1/8W"; VariantName = "[No Variations]"
Add component (AddParameter): Name = "R"; Value = "10K"; VariantName = "[No Variations]"
Add component (AddParameter): Name = "参数"; Value = "Res,0805,0R,±1%,1/8W,100ppm,155C"; VariantName = "[No Variations]"
Added Component: Designator=R10(电阻_R0603)
Add component. Clean all parameters for all variants
Add component (AddParameter): Name = "P"; Value = "1/8W"; VariantName = "[No Variations]"
Add component (AddParameter): Name = "R"; Value = "10K"; VariantName = "[No Variations]"
Add component (AddParameter): Name = "参数"; Value = "Res,0805,0R,±1%,1/8W,100ppm,155C"; VariantName = "[No Variations]"
Added Component: Designator=R11(电阻_R0603)
Add component. Clean all parameters for all variants
Add component (AddParameter): Name = "P"; Value = "1/8W"; VariantName = "[No Variations]"
Add component (AddParameter): Name = "R"; Value = "10K"; VariantName = "[No Variations]"
Add component (AddParameter): Name = "参数"; Value = "Res,0805,0R,±1%,1/8W,100ppm,155C"; VariantName = "[No Variations]"
Added Component: Designator=R12(电阻_R0603)
Add component. Clean all parameters for all variants
Add component (AddParameter): Name = "P"; Value = "1/8W"; VariantName = "[No Variations]"
Add component (AddParameter): Name = "R"; Value = "10K"; VariantName = "[No Variations]"
Add component (AddParameter): Name = "参数"; Value = "Res,0805,0R,±1%,1/8W,100ppm,155C"; VariantName = "[No Variations]"
Added Component: Designator=R13(电阻_R0603)
Add component. Clean all parameters for all variants
Add component (AddParameter): Name = "P"; Value = "1/8W"; VariantName = "[No Variations]"
Add component (AddParameter): Name = "R"; Value = "10K"; VariantName = "[No Variations]"
Add component (AddParameter): Name = "参数"; Value = "Res,0805,0R,±1%,1/8W,100ppm,155C"; VariantName = "[No Variations]"
Added Component: Designator=R14(电阻_R0603)
Add component. Clean all parameters for all variants
Add component (AddParameter): Name = "P"; Value = "1/8W"; VariantName = "[No Variations]"
Add component (AddParameter): Name = "R"; Value = "10K"; VariantName = "[No Variations]"
Add component (AddParameter): Name = "参数"; Value = "Res,0805,0R,±1%,1/8W,100ppm,155C"; VariantName = "[No Variations]"
Added Component: Designator=R15(电阻_R0603)
Add component. Clean all parameters for all variants
Add component (AddParameter): Name = "P"; Value = "1/8W"; VariantName = "[No Variations]"
Add component (AddParameter): Name = "R"; Value = "10K"; VariantName = "[No Variations]"
Add component (AddParameter): Name = "参数"; Value = "Res,0805,0R,±1%,1/8W,100ppm,155C"; VariantName = "[No Variations]"
Added Component: Designator=R16(电阻_R0603)
Add component. Clean all parameters for all variants
Add component (AddParameter): Name = "P"; Value = "1/8W"; VariantName = "[No Variations]"
Add component (AddParameter): Name = "R"; Value = "10K"; VariantName = "[No Variations]"
Add component (AddParameter): Name = "参数"; Value = "Res,0805,0R,±1%,1/8W,100ppm,155C"; VariantName = "[No Variations]"
Added Component: Designator=R17(电阻_R0603)
Add component. Clean all parameters for all variants
Add component (AddParameter): Name = "P"; Value = "1/8W"; VariantName = "[No Variations]"
Add component (AddParameter): Name = "R"; Value = "10K"; VariantName = "[No Variations]"
Add component (AddParameter): Name = "参数"; Value = "Res,0805,0R,±1%,1/8W,100ppm,155C"; VariantName = "[No Variations]"
Added Component: Designator=R18(电阻_R0603)
Add component. Clean all parameters for all variants
Add component (AddParameter): Name = "P"; Value = "1/8W"; VariantName = "[No Variations]"
Add component (AddParameter): Name = "R"; Value = "10K"; VariantName = "[No Variations]"
Add component (AddParameter): Name = "参数"; Value = "Res,0805,0R,±1%,1/8W,100ppm,155C"; VariantName = "[No Variations]"
Added Component: Designator=R19(电阻_R0603)
Add component. Clean all parameters for all variants
Add component (AddParameter): Name = "P"; Value = "1/8W"; VariantName = "[No Variations]"
Add component (AddParameter): Name = "R"; Value = "10K"; VariantName = "[No Variations]"
Add component (AddParameter): Name = "参数"; Value = "Res,0805,0R,±1%,1/8W,100ppm,155C"; VariantName = "[No Variations]"
Added Component: Designator=R20(电阻_R0603)
Add component. Clean all parameters for all variants
Add component (AddParameter): Name = "P"; Value = "1/8W"; VariantName = "[No Variations]"
Add component (AddParameter): Name = "R"; Value = "10K"; VariantName = "[No Variations]"
Add component (AddParameter): Name = "参数"; Value = "Res,0805,0R,±1%,1/8W,100ppm,155C"; VariantName = "[No Variations]"
Added Component: Designator=R21(电阻_R0603)
Add component. Clean all parameters for all variants
Add component (AddParameter): Name = "_Accuracy"; Value = "1%"; VariantName = "[No Variations]"
Add component (AddParameter): Name = "_Comma"; Value = ","; VariantName = "[No Variations]"
Add component (AddParameter): Name = "_Drift"; Value = "100ppm"; VariantName = "[No Variations]"
Add component (AddParameter): Name = "_Footprint"; Value = "0805"; VariantName = "[No Variations]"
Add component (AddParameter): Name = "_Name"; Value = "Res"; VariantName = "[No Variations]"
Add component (AddParameter): Name = "_Power"; Value = "1/8W"; VariantName = "[No Variations]"
Add component (AddParameter): Name = "_Specification"; Value = "Res,0805,10R,1%,1/8W,100ppm"; VariantName = "[No Variations]"
Add component (AddParameter): Name = "_Value"; Value = "10R"; VariantName = "[No Variations]"
Added Component: Designator=R22(电阻_R0603)
Add component. Clean all parameters for all variants
Add component (AddParameter): Name = "_Accuracy"; Value = "1%"; VariantName = "[No Variations]"
Add component (AddParameter): Name = "_Comma"; Value = ","; VariantName = "[No Variations]"
Add component (AddParameter): Name = "_Drift"; Value = "100ppm"; VariantName = "[No Variations]"
Add component (AddParameter): Name = "_Footprint"; Value = "0805"; VariantName = "[No Variations]"
Add component (AddParameter): Name = "_Name"; Value = "Res"; VariantName = "[No Variations]"
Add component (AddParameter): Name = "_Power"; Value = "1/8W"; VariantName = "[No Variations]"
Add component (AddParameter): Name = "_Specification"; Value = "Res,0805,1K,1%,1/8W,100ppm"; VariantName = "[No Variations]"
Add component (AddParameter): Name = "_Value"; Value = "1K"; VariantName = "[No Variations]"
Added Component: Designator=R23(电阻_R0603)
Add component. Clean all parameters for all variants
Add component (AddParameter): Name = "_Accuracy"; Value = "1%"; VariantName = "[No Variations]"
Add component (AddParameter): Name = "_Comma"; Value = ","; VariantName = "[No Variations]"
Add component (AddParameter): Name = "_Drift"; Value = "100ppm"; VariantName = "[No Variations]"
Add component (AddParameter): Name = "_Footprint"; Value = "0805"; VariantName = "[No Variations]"
Add component (AddParameter): Name = "_Name"; Value = "Res"; VariantName = "[No Variations]"
Add component (AddParameter): Name = "_Power"; Value = "1/8W"; VariantName = "[No Variations]"
Add component (AddParameter): Name = "_Specification"; Value = "Res,0805,20K,1%,1/8W,100ppm"; VariantName = "[No Variations]"
Add component (AddParameter): Name = "_Value"; Value = "20K"; VariantName = "[No Variations]"
Added Component: Designator=R24(电阻_R0603)
Add component. Clean all parameters for all variants
Add component (AddParameter): Name = "P"; Value = "1/8W"; VariantName = "[No Variations]"
Add component (AddParameter): Name = "R"; Value = "10K"; VariantName = "[No Variations]"
Add component (AddParameter): Name = "参数"; Value = "Res,0805,0R,±1%,1/8W,100ppm,155C"; VariantName = "[No Variations]"
Added Component: Designator=R25(电阻_R0603)
Add component. Clean all parameters for all variants
Add component (AddParameter): Name = "P"; Value = "1/8W"; VariantName = "[No Variations]"
Add component (AddParameter): Name = "R"; Value = "10K"; VariantName = "[No Variations]"
Add component (AddParameter): Name = "参数"; Value = "Res,0805,0R,±1%,1/8W,100ppm,155C"; VariantName = "[No Variations]"
Added Component: Designator=S1(三段开关)
Add component. Clean all parameters for all variants
Added Component: Designator=S2(三段开关)
Add component. Clean all parameters for all variants
Added Component: Designator=S3(三段开关)
Add component. Clean all parameters for all variants
Added Component: Designator=S4(三段开关)
Add component. Clean all parameters for all variants
Added Component: Designator=U1(TPS63020)
Add component. Clean all parameters for all variants
Added Component: Designator=U2(74HC系列_SOP16)
Add component. Clean all parameters for all variants
Added Component: Designator=U3(GT-24)
Add component. Clean all parameters for all variants
Added Component: Designator=U4(STM32_DIP)
Add component. Clean all parameters for all variants
Add component (AddParameter): Name = "ComponentLink1Description"; Value = "Manufacturer URL"; VariantName = "[No Variations]"
Add component (AddParameter): Name = "ComponentLink1URL"; Value = "http://www.st.com/web/en/home.html"; VariantName = "[No Variations]"
Add component (AddParameter): Name = "ComponentLink2Description"; Value = "Datasheet"; VariantName = "[No Variations]"
Add component (AddParameter): Name = "ComponentLink2URL"; Value = "http://www.st.com/st-web-ui/static/active/en/resource/technical/document/data_brief/DM00071938.pdf"; VariantName = "[No Variations]"
Add component (AddParameter): Name = "ComponentLink3Description"; Value = "Package Specification"; VariantName = "[No Variations]"
Add component (AddParameter): Name = "ComponentLink3URL"; Value = "http://www.st.com/st-web-ui/static/active/en/resource/technical/document/data_brief/DM00071938.pdf"; VariantName = "[No Variations]"
Add component (AddParameter): Name = "Core"; Value = "ARM Cortex-M4"; VariantName = "[No Variations]"
Add component (AddParameter): Name = "DatasheetVersion"; Value = "Rev. 1"; VariantName = "[No Variations]"
Add component (AddParameter): Name = "FLASH Size (Prog) (kB)"; Value = "256"; VariantName = "[No Variations]"
Add component (AddParameter): Name = "I/Os (High Current)"; Value = "36"; VariantName = "[No Variations]"
Add component (AddParameter): Name = "Internal RAM Size (kB)"; Value = "64"; VariantName = "[No Variations]"
Add component (AddParameter): Name = "Manufacturer"; Value = "STMicroelectronics"; VariantName = "[No Variations]"
Add component (AddParameter): Name = "Mounting Technology"; Value = "Surface Mount"; VariantName = "[No Variations]"
Add component (AddParameter): Name = "Operating Frequency(F) (Processor speed) (MHz)"; Value = "84"; VariantName = "[No Variations]"
Add component (AddParameter): Name = "PackageDescription"; Value = "48-Pin Ultra Thin Fine Pitch Quad Flat No-Lead, 7 x 7 x 0.6 mm Body, 0.5 mm Pitch, Exposed Pad"; VariantName = "[No Variations]"
Add component (AddParameter): Name = "PackageReference"; Value = "UFQFPN48"; VariantName = "[No Variations]"
Add component (AddParameter): Name = "PackageVersion"; Value = "Rev. 1, 04/2013"; VariantName = "[No Variations]"
Add component (AddParameter): Name = "Packing"; Value = "Tray"; VariantName = "[No Variations]"
Add component (AddParameter): Name = "PartNumber"; Value = "STM32F401CCU6"; VariantName = "[No Variations]"
Add component (AddParameter): Name = "Supplier 1"; Value = "Newark"; VariantName = "[No Variations]"
Add component (AddParameter): Name = "Supplier 2"; Value = "Mouser"; VariantName = "[No Variations]"
Add component (AddParameter): Name = "Supplier Part Number 1"; Value = "19X6217"; VariantName = "[No Variations]"
Add component (AddParameter): Name = "Supplier Part Number 2"; Value = "511-STM32F401CCU6"; VariantName = "[No Variations]"
Add component (AddParameter): Name = "Supply Voltage(Vcc) max (V)"; Value = "3.6"; VariantName = "[No Variations]"
Add component (AddParameter): Name = "Supply Voltage(Vcc) min (V)"; Value = "1.8"; VariantName = "[No Variations]"
Added Component: Designator=U5(SOP8)
Add component. Clean all parameters for all variants
Added Component: Designator=U6(1.14IPS-LCD)
Add component. Clean all parameters for all variants
Added Component: Designator=U7(74HC系列_SOP16)
Add component. Clean all parameters for all variants
Added Component: Designator=U8(串口_MSOP10)
Add component. Clean all parameters for all variants
Add component (AddParameter): Name = "_Comma"; Value = ","; VariantName = "[No Variations]"
Add component (AddParameter): Name = "_Footprint"; Value = "MSOP10"; VariantName = "[No Variations]"
Add component (AddParameter): Name = "_Model"; Value = "CH340E"; VariantName = "[No Variations]"
Add component (AddParameter): Name = "_Name"; Value = "USB-UART"; VariantName = "[No Variations]"
Add component (AddParameter): Name = "_Specification"; Value = "USB-UART,CH340E,MSOP10"; VariantName = "[No Variations]"
Added Pin To Net: NetName=3V3 Pin=BZ1-1
Added Pin To Net: NetName=3V3 Pin=C4-1
Added Pin To Net: NetName=3V3 Pin=C7-1
Added Pin To Net: NetName=3V3 Pin=C8-2
Added Pin To Net: NetName=3V3 Pin=C11-2
Added Pin To Net: NetName=3V3 Pin=C12-2
Added Pin To Net: NetName=3V3 Pin=C13-2
Added Pin To Net: NetName=3V3 Pin=C14-2
Added Pin To Net: NetName=3V3 Pin=C15-2
Added Pin To Net: NetName=3V3 Pin=C17-2
Added Pin To Net: NetName=3V3 Pin=C18-2
Added Pin To Net: NetName=3V3 Pin=C19-2
Added Pin To Net: NetName=3V3 Pin=C20-2
Added Pin To Net: NetName=3V3 Pin=C24-2
Added Pin To Net: NetName=3V3 Pin=J1-3
Added Pin To Net: NetName=3V3 Pin=J1-4
Added Pin To Net: NetName=3V3 Pin=J2-3
Added Pin To Net: NetName=3V3 Pin=J2-4
Added Pin To Net: NetName=3V3 Pin=R1-1
Added Pin To Net: NetName=3V3 Pin=R5-1
Added Pin To Net: NetName=3V3 Pin=R6-1
Added Pin To Net: NetName=3V3 Pin=R7-1
Added Pin To Net: NetName=3V3 Pin=R8-1
Added Pin To Net: NetName=3V3 Pin=R9-1
Added Pin To Net: NetName=3V3 Pin=R10-1
Added Pin To Net: NetName=3V3 Pin=R11-1
Added Pin To Net: NetName=3V3 Pin=R12-1
Added Pin To Net: NetName=3V3 Pin=R23-1
Added Pin To Net: NetName=3V3 Pin=R25-2
Added Pin To Net: NetName=3V3 Pin=U1-4
Added Pin To Net: NetName=3V3 Pin=U1-5
Added Pin To Net: NetName=3V3 Pin=U2-16
Added Pin To Net: NetName=3V3 Pin=U3-1
Added Pin To Net: NetName=3V3 Pin=U4-22
Added Pin To Net: NetName=3V3 Pin=U4-49
Added Pin To Net: NetName=3V3 Pin=U5-8
Added Pin To Net: NetName=3V3 Pin=U6-10
Added Pin To Net: NetName=3V3 Pin=U6-12
Added Pin To Net: NetName=3V3 Pin=U7-16
Added Pin To Net: NetName=3V3 Pin=U8-7
Added Pin To Net: NetName=3V3 Pin=U8-10
Added Net: Name=3V3
Added Pin To Net: NetName=BAT Pin=C1-1
Added Pin To Net: NetName=BAT Pin=C2-1
Added Pin To Net: NetName=BAT Pin=C3-1
Added Pin To Net: NetName=BAT Pin=D1-A
Added Pin To Net: NetName=BAT Pin=Pad1-1
Added Pin To Net: NetName=BAT Pin=U1-10
Added Pin To Net: NetName=BAT Pin=U1-11
Added Pin To Net: NetName=BAT Pin=U1-13
Added Net: Name=BAT
Added Pin To Net: NetName=BUZZ Pin=Q2-1
Added Pin To Net: NetName=BUZZ Pin=R24-2
Added Pin To Net: NetName=BUZZ Pin=U4-25
Added Net: Name=BUZZ
Added Pin To Net: NetName=GND Pin=C1-2
Added Pin To Net: NetName=GND Pin=C2-2
Added Pin To Net: NetName=GND Pin=C3-2
Added Pin To Net: NetName=GND Pin=C4-2
Added Pin To Net: NetName=GND Pin=C7-2
Added Pin To Net: NetName=GND Pin=C8-1
Added Pin To Net: NetName=GND Pin=C9-1
Added Pin To Net: NetName=GND Pin=C10-1
Added Pin To Net: NetName=GND Pin=C11-1
Added Pin To Net: NetName=GND Pin=C12-1
Added Pin To Net: NetName=GND Pin=C13-1
Added Pin To Net: NetName=GND Pin=C14-1
Added Pin To Net: NetName=GND Pin=C15-1
Added Pin To Net: NetName=GND Pin=C16-1
Added Pin To Net: NetName=GND Pin=C17-1
Added Pin To Net: NetName=GND Pin=C18-1
Added Pin To Net: NetName=GND Pin=C19-1
Added Pin To Net: NetName=GND Pin=C20-1
Added Pin To Net: NetName=GND Pin=C21-1
Added Pin To Net: NetName=GND Pin=C22-1
Added Pin To Net: NetName=GND Pin=C23-1
Added Pin To Net: NetName=GND Pin=C24-1
Added Pin To Net: NetName=GND Pin=C25-1
Added Pin To Net: NetName=GND Pin=J1-1
Added Pin To Net: NetName=GND Pin=J1-6
Added Pin To Net: NetName=GND Pin=J2-1
Added Pin To Net: NetName=GND Pin=J2-6
Added Pin To Net: NetName=GND Pin=K1-1
Added Pin To Net: NetName=GND Pin=K1-1
Added Pin To Net: NetName=GND Pin=K3-1
Added Pin To Net: NetName=GND Pin=K3-1
Added Pin To Net: NetName=GND Pin=K4-1
Added Pin To Net: NetName=GND Pin=K4-1
Added Pin To Net: NetName=GND Pin=K6-1
Added Pin To Net: NetName=GND Pin=K6-1
Added Pin To Net: NetName=GND Pin=K7-1
Added Pin To Net: NetName=GND Pin=K7-1
Added Pin To Net: NetName=GND Pin=K9-1
Added Pin To Net: NetName=GND Pin=K9-1
Added Pin To Net: NetName=GND Pin=P1-0
Added Pin To Net: NetName=GND Pin=P1-0
Added Pin To Net: NetName=GND Pin=P1-0
Added Pin To Net: NetName=GND Pin=P1-0
Added Pin To Net: NetName=GND Pin=P1-5
Added Pin To Net: NetName=GND Pin=Pad2-1
Added Pin To Net: NetName=GND Pin=Q1-3
Added Pin To Net: NetName=GND Pin=Q2-3
Added Pin To Net: NetName=GND Pin=R2-2
Added Pin To Net: NetName=GND Pin=R24-1
Added Pin To Net: NetName=GND Pin=S1-1
Added Pin To Net: NetName=GND Pin=S2-1
Added Pin To Net: NetName=GND Pin=S3-1
Added Pin To Net: NetName=GND Pin=S4-1
Added Pin To Net: NetName=GND Pin=U1-2
Added Pin To Net: NetName=GND Pin=U1-15
Added Pin To Net: NetName=GND Pin=U1-15
Added Pin To Net: NetName=GND Pin=U1-15
Added Pin To Net: NetName=GND Pin=U1-15
Added Pin To Net: NetName=GND Pin=U1-15
Added Pin To Net: NetName=GND Pin=U1-15
Added Pin To Net: NetName=GND Pin=U1-15
Added Pin To Net: NetName=GND Pin=U1-15
Added Pin To Net: NetName=GND Pin=U1-15
Added Pin To Net: NetName=GND Pin=U1-15
Added Pin To Net: NetName=GND Pin=U1-15
Added Pin To Net: NetName=GND Pin=U1-15
Added Pin To Net: NetName=GND Pin=U1-15
Added Pin To Net: NetName=GND Pin=U1-15
Added Pin To Net: NetName=GND Pin=U1-15
Added Pin To Net: NetName=GND Pin=U1-15
Added Pin To Net: NetName=GND Pin=U1-15
Added Pin To Net: NetName=GND Pin=U1-15
Added Pin To Net: NetName=GND Pin=U1-15
Added Pin To Net: NetName=GND Pin=U1-15
Added Pin To Net: NetName=GND Pin=U2-8
Added Pin To Net: NetName=GND Pin=U2-15
Added Pin To Net: NetName=GND Pin=U3-8
Added Pin To Net: NetName=GND Pin=U4-23
Added Pin To Net: NetName=GND Pin=U4-48
Added Pin To Net: NetName=GND Pin=U5-1
Added Pin To Net: NetName=GND Pin=U5-2
Added Pin To Net: NetName=GND Pin=U5-3
Added Pin To Net: NetName=GND Pin=U5-4
Added Pin To Net: NetName=GND Pin=U5-7
Added Pin To Net: NetName=GND Pin=U6-8
Added Pin To Net: NetName=GND Pin=U6-13
Added Pin To Net: NetName=GND Pin=U7-8
Added Pin To Net: NetName=GND Pin=U7-15
Added Pin To Net: NetName=GND Pin=U8-3
Added Net: Name=GND
Added Pin To Net: NetName=HC1_D0 Pin=K7-2
Added Pin To Net: NetName=HC1_D0 Pin=K7-2
Added Pin To Net: NetName=HC1_D0 Pin=R5-2
Added Pin To Net: NetName=HC1_D0 Pin=U2-11
Added Net: Name=HC1_D0
Added Pin To Net: NetName=HC1_D1 Pin=K9-2
Added Pin To Net: NetName=HC1_D1 Pin=K9-2
Added Pin To Net: NetName=HC1_D1 Pin=R6-2
Added Pin To Net: NetName=HC1_D1 Pin=U2-12
Added Net: Name=HC1_D1
Added Pin To Net: NetName=HC1_D2 Pin=R7-2
Added Pin To Net: NetName=HC1_D2 Pin=U2-13
Added Net: Name=HC1_D2
Added Pin To Net: NetName=HC1_D3 Pin=R8-2
Added Pin To Net: NetName=HC1_D3 Pin=U2-14
Added Net: Name=HC1_D3
Added Pin To Net: NetName=HC1_D4 Pin=R9-2
Added Pin To Net: NetName=HC1_D4 Pin=S1-0
Added Pin To Net: NetName=HC1_D4 Pin=U2-3
Added Net: Name=HC1_D4
Added Pin To Net: NetName=HC1_D5 Pin=R10-2
Added Pin To Net: NetName=HC1_D5 Pin=S1-2
Added Pin To Net: NetName=HC1_D5 Pin=U2-4
Added Net: Name=HC1_D5
Added Pin To Net: NetName=HC1_D6 Pin=R11-2
Added Pin To Net: NetName=HC1_D6 Pin=S2-2
Added Pin To Net: NetName=HC1_D6 Pin=U2-5
Added Net: Name=HC1_D6
Added Pin To Net: NetName=HC1_D7 Pin=R12-2
Added Pin To Net: NetName=HC1_D7 Pin=S2-0
Added Pin To Net: NetName=HC1_D7 Pin=U2-6
Added Net: Name=HC1_D7
Added Pin To Net: NetName=HC2_D0 Pin=K3-2
Added Pin To Net: NetName=HC2_D0 Pin=K3-2
Added Pin To Net: NetName=HC2_D0 Pin=R13-2
Added Pin To Net: NetName=HC2_D0 Pin=U7-11
Added Net: Name=HC2_D0
Added Pin To Net: NetName=HC2_D1 Pin=K1-2
Added Pin To Net: NetName=HC2_D1 Pin=K1-2
Added Pin To Net: NetName=HC2_D1 Pin=R14-2
Added Pin To Net: NetName=HC2_D1 Pin=U7-12
Added Net: Name=HC2_D1
Added Pin To Net: NetName=HC2_D2 Pin=K4-2
Added Pin To Net: NetName=HC2_D2 Pin=K4-2
Added Pin To Net: NetName=HC2_D2 Pin=R15-2
Added Pin To Net: NetName=HC2_D2 Pin=U7-13
Added Net: Name=HC2_D2
Added Pin To Net: NetName=HC2_D3 Pin=K6-2
Added Pin To Net: NetName=HC2_D3 Pin=K6-2
Added Pin To Net: NetName=HC2_D3 Pin=R16-2
Added Pin To Net: NetName=HC2_D3 Pin=U7-14
Added Net: Name=HC2_D3
Added Pin To Net: NetName=HC2_D4 Pin=R17-2
Added Pin To Net: NetName=HC2_D4 Pin=S3-2
Added Pin To Net: NetName=HC2_D4 Pin=U7-3
Added Net: Name=HC2_D4
Added Pin To Net: NetName=HC2_D5 Pin=R18-2
Added Pin To Net: NetName=HC2_D5 Pin=S3-0
Added Pin To Net: NetName=HC2_D5 Pin=U7-4
Added Net: Name=HC2_D5
Added Pin To Net: NetName=HC2_D6 Pin=R19-2
Added Pin To Net: NetName=HC2_D6 Pin=S4-2
Added Pin To Net: NetName=HC2_D6 Pin=U7-5
Added Net: Name=HC2_D6
Added Pin To Net: NetName=HC2_D7 Pin=R20-2
Added Pin To Net: NetName=HC2_D7 Pin=S4-0
Added Pin To Net: NetName=HC2_D7 Pin=U7-6
Added Net: Name=HC2_D7
Added Pin To Net: NetName=HC2_Q7 Pin=U2-10
Added Pin To Net: NetName=HC2_Q7 Pin=U7-7
Added Net: Name=HC2_Q7
Added Pin To Net: NetName=HC_CP Pin=U2-2
Added Pin To Net: NetName=HC_CP Pin=U4-27
Added Pin To Net: NetName=HC_CP Pin=U7-2
Added Net: Name=HC_CP
Added Pin To Net: NetName=HC_PL Pin=U2-1
Added Pin To Net: NetName=HC_PL Pin=U4-26
Added Pin To Net: NetName=HC_PL Pin=U7-1
Added Net: Name=HC_PL
Added Pin To Net: NetName=HC_Q7 Pin=U2-7
Added Pin To Net: NetName=HC_Q7 Pin=U4-28
Added Net: Name=HC_Q7
Added Pin To Net: NetName=JSL-X Pin=C9-2
Added Pin To Net: NetName=JSL-X Pin=J1-5
Added Pin To Net: NetName=JSL-X Pin=U4-10
Added Net: Name=JSL-X
Added Pin To Net: NetName=JSL-Y Pin=C10-2
Added Pin To Net: NetName=JSL-Y Pin=J1-2
Added Pin To Net: NetName=JSL-Y Pin=U4-11
Added Net: Name=JSL-Y
Added Pin To Net: NetName=JSR-X Pin=C22-2
Added Pin To Net: NetName=JSR-X Pin=J2-5
Added Pin To Net: NetName=JSR-X Pin=U4-12
Added Net: Name=JSR-X
Added Pin To Net: NetName=JSR-Y Pin=C23-2
Added Pin To Net: NetName=JSR-Y Pin=J2-2
Added Pin To Net: NetName=JSR-Y Pin=U4-13
Added Net: Name=JSR-Y
Added Pin To Net: NetName=LCD-BLK Pin=R22-1
Added Pin To Net: NetName=LCD-BLK Pin=U4-21
Added Net: Name=LCD-BLK
Added Pin To Net: NetName=LCD-CS Pin=U4-14
Added Pin To Net: NetName=LCD-CS Pin=U6-7
Added Net: Name=LCD-CS
Added Pin To Net: NetName=LCD-DC Pin=U4-16
Added Pin To Net: NetName=LCD-DC Pin=U6-5
Added Net: Name=LCD-DC
Added Pin To Net: NetName=LCD-RST Pin=U4-20
Added Pin To Net: NetName=LCD-RST Pin=U6-6
Added Net: Name=LCD-RST
Added Pin To Net: NetName=LCD-SCL Pin=U4-15
Added Pin To Net: NetName=LCD-SCL Pin=U6-4
Added Net: Name=LCD-SCL
Added Pin To Net: NetName=LCD-SDA Pin=U4-17
Added Pin To Net: NetName=LCD-SDA Pin=U6-3
Added Net: Name=LCD-SDA
Added Pin To Net: NetName=LCD_LEDK Pin=R21-2
Added Pin To Net: NetName=LCD_LEDK Pin=U6-11
Added Net: Name=LCD_LEDK
Added Pin To Net: NetName=MCU-RX Pin=U4-31
Added Pin To Net: NetName=MCU-RX Pin=U8-8
Added Net: Name=MCU-RX
Added Pin To Net: NetName=MCU-SCL Pin=U4-45
Added Pin To Net: NetName=MCU-SCL Pin=U5-6
Added Net: Name=MCU-SCL
Added Pin To Net: NetName=MCU-SDA Pin=U4-46
Added Pin To Net: NetName=MCU-SDA Pin=U5-5
Added Net: Name=MCU-SDA
Added Pin To Net: NetName=MCU-TX Pin=U4-30
Added Pin To Net: NetName=MCU-TX Pin=U8-9
Added Net: Name=MCU-TX
Added Pin To Net: NetName=NetBZ1_2 Pin=BZ1-2
Added Pin To Net: NetName=NetBZ1_2 Pin=Q2-2
Added Net: Name=NetBZ1_2
Added Pin To Net: NetName=NetC16_2 Pin=C16-2
Added Pin To Net: NetName=NetC16_2 Pin=U1-1
Added Net: Name=NetC16_2
Added Pin To Net: NetName=NetD1_K Pin=D1-K
Added Pin To Net: NetName=NetD1_K Pin=U1-12
Added Net: Name=NetD1_K
Added Pin To Net: NetName=NetL1_1 Pin=L1-1
Added Pin To Net: NetName=NetL1_1 Pin=U1-8
Added Pin To Net: NetName=NetL1_1 Pin=U1-9
Added Net: Name=NetL1_1
Added Pin To Net: NetName=NetL1_2 Pin=L1-2
Added Pin To Net: NetName=NetL1_2 Pin=U1-6
Added Pin To Net: NetName=NetL1_2 Pin=U1-7
Added Net: Name=NetL1_2
Added Pin To Net: NetName=NetQ1_1 Pin=Q1-1
Added Pin To Net: NetName=NetQ1_1 Pin=R22-2
Added Pin To Net: NetName=NetQ1_1 Pin=R23-2
Added Net: Name=NetQ1_1
Added Pin To Net: NetName=NetQ1_2 Pin=Q1-2
Added Pin To Net: NetName=NetQ1_2 Pin=R21-1
Added Net: Name=NetQ1_2
Added Pin To Net: NetName=NetR1_2 Pin=R1-2
Added Pin To Net: NetName=NetR1_2 Pin=R2-1
Added Pin To Net: NetName=NetR1_2 Pin=U1-3
Added Net: Name=NetR1_2
Added Pin To Net: NetName=NRF_CE Pin=U3-2
Added Pin To Net: NetName=NRF_CE Pin=U4-39
Added Net: Name=NRF_CE
Added Pin To Net: NetName=NRF_CSN Pin=U3-3
Added Pin To Net: NetName=NRF_CSN Pin=U4-40
Added Net: Name=NRF_CSN
Added Pin To Net: NetName=NRF_MISO Pin=U3-6
Added Pin To Net: NetName=NRF_MISO Pin=U4-43
Added Net: Name=NRF_MISO
Added Pin To Net: NetName=NRF_MOSI Pin=U3-5
Added Pin To Net: NetName=NRF_MOSI Pin=U4-42
Added Net: Name=NRF_MOSI
Added Pin To Net: NetName=NRF_SCK Pin=U3-4
Added Pin To Net: NetName=NRF_SCK Pin=U4-41
Added Net: Name=NRF_SCK
Added Pin To Net: NetName=R-3V3 Pin=R13-1
Added Pin To Net: NetName=R-3V3 Pin=R14-1
Added Pin To Net: NetName=R-3V3 Pin=R15-1
Added Pin To Net: NetName=R-3V3 Pin=R16-1
Added Pin To Net: NetName=R-3V3 Pin=R17-1
Added Pin To Net: NetName=R-3V3 Pin=R18-1
Added Pin To Net: NetName=R-3V3 Pin=R19-1
Added Pin To Net: NetName=R-3V3 Pin=R20-1
Added Net: Name=R-3V3
Added Pin To Net: NetName=RST Pin=C25-2
Added Pin To Net: NetName=RST Pin=R25-1
Added Pin To Net: NetName=RST Pin=U4-7
Added Net: Name=RST
Added Pin To Net: NetName=UD+ Pin=P1-3
Added Pin To Net: NetName=UD+ Pin=U8-1
Added Net: Name=UD+
Added Pin To Net: NetName=UD- Pin=P1-2
Added Pin To Net: NetName=UD- Pin=U8-2
Added Net: Name=UD-
Added Pin To Net: NetName=USB-VCC Pin=P1-1
Added Pin To Net: NetName=USB-VCC Pin=U4-24
Added Pin To Net: NetName=USB-VCC Pin=U4-47
Added Net: Name=USB-VCC
Added Pin To Net: NetName=VCAP_1 Pin=C21-2
Added Pin To Net: NetName=VCAP_1 Pin=U4-1
Added Net: Name=VCAP_1
Added Class: Name=无线遥控器
Added Room: Name=无线遥控器
