Added Pin To Net: NetName=3V3 Pin=BZ1-1
Added Pin To Net: NetName=3V3 Pin=C4-1
Added Pin To Net: NetName=3V3 Pin=C5-1
Added Pin To Net: NetName=3V3 Pin=C6-1
Added Pin To Net: NetName=3V3 Pin=C7-1
Added Pin To Net: NetName=3V3 Pin=C8-2
Added Pin To Net: NetName=3V3 Pin=C11-2
Added Pin To Net: NetName=3V3 Pin=C12-2
Added Pin To Net: NetName=3V3 Pin=C13-2
Added Pin To Net: NetName=3V3 Pin=C14-2
Added Pin To Net: NetName=3V3 Pin=C15-2
Added Pin To Net: NetName=3V3 Pin=C19-2
Added Pin To Net: NetName=3V3 Pin=C24-2
Added Pin To Net: NetName=3V3 Pin=C27-2
Added Pin To Net: NetName=3V3 Pin=J1-3
Added Pin To Net: NetName=3V3 Pin=J1-4
Added Pin To Net: NetName=3V3 Pin=J2-3
Added Pin To Net: NetName=3V3 Pin=J2-4
Added Pin To Net: NetName=3V3 Pin=R1-1
Added Pin To Net: NetName=3V3 Pin=R3-2
Added Pin To Net: NetName=3V3 Pin=R4-2
Added Pin To Net: NetName=3V3 Pin=R5-1
Added Pin To Net: NetName=3V3 Pin=R6-1
Added Pin To Net: NetName=3V3 Pin=R7-1
Added Pin To Net: NetName=3V3 Pin=R8-1
Added Pin To Net: NetName=3V3 Pin=R9-1
Added Pin To Net: NetName=3V3 Pin=R10-1
Added Pin To Net: NetName=3V3 Pin=R11-1
Added Pin To Net: NetName=3V3 Pin=R12-1
Added Pin To Net: NetName=3V3 Pin=R13-1
Added Pin To Net: NetName=3V3 Pin=R14-1
Added Pin To Net: NetName=3V3 Pin=R15-1
Added Pin To Net: NetName=3V3 Pin=R16-1
Added Pin To Net: NetName=3V3 Pin=R17-1
Added Pin To Net: NetName=3V3 Pin=R18-1
Added Pin To Net: NetName=3V3 Pin=R19-1
Added Pin To Net: NetName=3V3 Pin=R20-1
Added Pin To Net: NetName=3V3 Pin=R23-1
Added Pin To Net: NetName=3V3 Pin=R25-2
Added Pin To Net: NetName=3V3 Pin=U1-4
Added Pin To Net: NetName=3V3 Pin=U1-5
Added Pin To Net: NetName=3V3 Pin=U2-16
Added Pin To Net: NetName=3V3 Pin=U3-2
Added Pin To Net: NetName=3V3 Pin=U4-1
Added Pin To Net: NetName=3V3 Pin=U4-22
Added Pin To Net: NetName=3V3 Pin=U4-49
Added Pin To Net: NetName=3V3 Pin=U5-8
Added Pin To Net: NetName=3V3 Pin=U6-10
Added Pin To Net: NetName=3V3 Pin=U6-12
Added Pin To Net: NetName=3V3 Pin=U7-16
Added Pin To Net: NetName=3V3 Pin=U8-7
Added Pin To Net: NetName=3V3 Pin=U8-10
Added Pin To Net: NetName=3V3 Pin=U10-8
Added Pin To Net: NetName=3V3 Pin=U10-13
Added Pin To Net: NetName=3V3 Pin=U11-7
Added Pin To Net: NetName=3V3 Pin=U11-8
Added Net: Name=3V3
Added Pin To Net: NetName=BAT Pin=C1-1
Added Pin To Net: NetName=BAT Pin=C2-1
Added Pin To Net: NetName=BAT Pin=C3-1
Added Pin To Net: NetName=BAT Pin=C18-2
Added Pin To Net: NetName=BAT Pin=C26-1
Added Pin To Net: NetName=BAT Pin=Pad1-1
Added Pin To Net: NetName=BAT Pin=S5-1
Added Pin To Net: NetName=BAT Pin=S5-1
Added Pin To Net: NetName=BAT Pin=U1-10
Added Pin To Net: NetName=BAT Pin=U1-11
Added Pin To Net: NetName=BAT Pin=U1-13
Added Pin To Net: NetName=BAT Pin=U9-5
Added Pin To Net: NetName=BAT Pin=U11-1
Added Net: Name=BAT
Added Pin To Net: NetName=BUZZ Pin=Q2-1
Added Pin To Net: NetName=BUZZ Pin=R24-2
Added Pin To Net: NetName=BUZZ Pin=U4-25
Added Net: Name=BUZZ
Added Pin To Net: NetName=CPOUT Pin=C21-1
Added Pin To Net: NetName=CPOUT Pin=U10-20
Added Net: Name=CPOUT
Added Pin To Net: NetName=EN Pin=R30-2
Added Pin To Net: NetName=EN Pin=U4-32
Added Net: Name=EN
Added Pin To Net: NetName=GND Pin=C1-2
Added Pin To Net: NetName=GND Pin=C2-2
Added Pin To Net: NetName=GND Pin=C3-2
Added Pin To Net: NetName=GND Pin=C4-2
Added Pin To Net: NetName=GND Pin=C5-2
Added Pin To Net: NetName=GND Pin=C6-2
Added Pin To Net: NetName=GND Pin=C7-2
Added Pin To Net: NetName=GND Pin=C8-1
Added Pin To Net: NetName=GND Pin=C9-1
Added Pin To Net: NetName=GND Pin=C10-1
Added Pin To Net: NetName=GND Pin=C11-1
Added Pin To Net: NetName=GND Pin=C12-1
Added Pin To Net: NetName=GND Pin=C13-1
Added Pin To Net: NetName=GND Pin=C14-1
Added Pin To Net: NetName=GND Pin=C15-1
Added Pin To Net: NetName=GND Pin=C16-1
Added Pin To Net: NetName=GND Pin=C17-1
Added Pin To Net: NetName=GND Pin=C18-1
Added Pin To Net: NetName=GND Pin=C19-1
Added Pin To Net: NetName=GND Pin=C20-2
Added Pin To Net: NetName=GND Pin=C21-2
Added Pin To Net: NetName=GND Pin=C22-1
Added Pin To Net: NetName=GND Pin=C23-1
Added Pin To Net: NetName=GND Pin=C24-1
Added Pin To Net: NetName=GND Pin=C25-1
Added Pin To Net: NetName=GND Pin=C26-2
Added Pin To Net: NetName=GND Pin=C27-1
Added Pin To Net: NetName=GND Pin=J1-1
Added Pin To Net: NetName=GND Pin=J1-6
Added Pin To Net: NetName=GND Pin=J2-1
Added Pin To Net: NetName=GND Pin=J2-6
Added Pin To Net: NetName=GND Pin=K1-1
Added Pin To Net: NetName=GND Pin=K1-1
Added Pin To Net: NetName=GND Pin=K3-1
Added Pin To Net: NetName=GND Pin=K3-1
Added Pin To Net: NetName=GND Pin=K4-1
Added Pin To Net: NetName=GND Pin=K4-1
Added Pin To Net: NetName=GND Pin=K6-1
Added Pin To Net: NetName=GND Pin=K6-1
Added Pin To Net: NetName=GND Pin=K7-1
Added Pin To Net: NetName=GND Pin=K7-1
Added Pin To Net: NetName=GND Pin=K9-1
Added Pin To Net: NetName=GND Pin=K9-1
Added Pin To Net: NetName=GND Pin=P1-0
Added Pin To Net: NetName=GND Pin=P1-0
Added Pin To Net: NetName=GND Pin=P1-0
Added Pin To Net: NetName=GND Pin=P1-0
Added Pin To Net: NetName=GND Pin=P1-5
Added Pin To Net: NetName=GND Pin=Pad2-1
Added Pin To Net: NetName=GND Pin=Q1-3
Added Pin To Net: NetName=GND Pin=Q2-3
Added Pin To Net: NetName=GND Pin=R2-2
Added Pin To Net: NetName=GND Pin=R24-1
Added Pin To Net: NetName=GND Pin=R26-1
Added Pin To Net: NetName=GND Pin=R31-1
Added Pin To Net: NetName=GND Pin=R32-2
Added Pin To Net: NetName=GND Pin=S1-1
Added Pin To Net: NetName=GND Pin=S2-1
Added Pin To Net: NetName=GND Pin=S3-1
Added Pin To Net: NetName=GND Pin=S4-1
Added Pin To Net: NetName=GND Pin=U1-2
Added Pin To Net: NetName=GND Pin=U1-15
Added Pin To Net: NetName=GND Pin=U1-15
Added Pin To Net: NetName=GND Pin=U1-15
Added Pin To Net: NetName=GND Pin=U1-15
Added Pin To Net: NetName=GND Pin=U1-15
Added Pin To Net: NetName=GND Pin=U1-15
Added Pin To Net: NetName=GND Pin=U1-15
Added Pin To Net: NetName=GND Pin=U1-15
Added Pin To Net: NetName=GND Pin=U1-15
Added Pin To Net: NetName=GND Pin=U1-15
Added Pin To Net: NetName=GND Pin=U1-15
Added Pin To Net: NetName=GND Pin=U1-15
Added Pin To Net: NetName=GND Pin=U1-15
Added Pin To Net: NetName=GND Pin=U1-15
Added Pin To Net: NetName=GND Pin=U1-15
Added Pin To Net: NetName=GND Pin=U1-15
Added Pin To Net: NetName=GND Pin=U1-15
Added Pin To Net: NetName=GND Pin=U1-15
Added Pin To Net: NetName=GND Pin=U1-15
Added Pin To Net: NetName=GND Pin=U1-15
Added Pin To Net: NetName=GND Pin=U2-8
Added Pin To Net: NetName=GND Pin=U2-15
Added Pin To Net: NetName=GND Pin=U3-1
Added Pin To Net: NetName=GND Pin=U4-23
Added Pin To Net: NetName=GND Pin=U4-48
Added Pin To Net: NetName=GND Pin=U5-1
Added Pin To Net: NetName=GND Pin=U5-2
Added Pin To Net: NetName=GND Pin=U5-3
Added Pin To Net: NetName=GND Pin=U5-4
Added Pin To Net: NetName=GND Pin=U5-7
Added Pin To Net: NetName=GND Pin=U6-8
Added Pin To Net: NetName=GND Pin=U6-13
Added Pin To Net: NetName=GND Pin=U7-8
Added Pin To Net: NetName=GND Pin=U7-15
Added Pin To Net: NetName=GND Pin=U8-3
Added Pin To Net: NetName=GND Pin=U9-1
Added Pin To Net: NetName=GND Pin=U9-3
Added Pin To Net: NetName=GND Pin=U9-3
Added Pin To Net: NetName=GND Pin=U10-1
Added Pin To Net: NetName=GND Pin=U10-2
Added Pin To Net: NetName=GND Pin=U10-3
Added Pin To Net: NetName=GND Pin=U10-4
Added Pin To Net: NetName=GND Pin=U10-5
Added Pin To Net: NetName=GND Pin=U10-6
Added Pin To Net: NetName=GND Pin=U10-7
Added Pin To Net: NetName=GND Pin=U10-9
Added Pin To Net: NetName=GND Pin=U10-11
Added Pin To Net: NetName=GND Pin=U10-14
Added Pin To Net: NetName=GND Pin=U10-15
Added Pin To Net: NetName=GND Pin=U10-16
Added Pin To Net: NetName=GND Pin=U10-17
Added Pin To Net: NetName=GND Pin=U10-18
Added Pin To Net: NetName=GND Pin=U11-4
Added Net: Name=GND
Added Pin To Net: NetName=HC1_D0 Pin=K7-2
Added Pin To Net: NetName=HC1_D0 Pin=K7-2
Added Pin To Net: NetName=HC1_D0 Pin=R5-2
Added Pin To Net: NetName=HC1_D0 Pin=U2-11
Added Net: Name=HC1_D0
Added Pin To Net: NetName=HC1_D1 Pin=K9-2
Added Pin To Net: NetName=HC1_D1 Pin=K9-2
Added Pin To Net: NetName=HC1_D1 Pin=R6-2
Added Pin To Net: NetName=HC1_D1 Pin=U2-12
Added Net: Name=HC1_D1
Added Pin To Net: NetName=HC1_D2 Pin=R7-2
Added Pin To Net: NetName=HC1_D2 Pin=U2-13
Added Net: Name=HC1_D2
Added Pin To Net: NetName=HC1_D3 Pin=R8-2
Added Pin To Net: NetName=HC1_D3 Pin=U2-14
Added Net: Name=HC1_D3
Added Pin To Net: NetName=HC1_D4 Pin=R9-2
Added Pin To Net: NetName=HC1_D4 Pin=S1-0
Added Pin To Net: NetName=HC1_D4 Pin=U2-3
Added Net: Name=HC1_D4
Added Pin To Net: NetName=HC1_D5 Pin=R10-2
Added Pin To Net: NetName=HC1_D5 Pin=S1-2
Added Pin To Net: NetName=HC1_D5 Pin=U2-4
Added Net: Name=HC1_D5
Added Pin To Net: NetName=HC1_D6 Pin=R11-2
Added Pin To Net: NetName=HC1_D6 Pin=S2-2
Added Pin To Net: NetName=HC1_D6 Pin=U2-5
Added Net: Name=HC1_D6
Added Pin To Net: NetName=HC1_D7 Pin=R12-2
Added Pin To Net: NetName=HC1_D7 Pin=S2-0
Added Pin To Net: NetName=HC1_D7 Pin=U2-6
Added Net: Name=HC1_D7
Added Pin To Net: NetName=HC2_D0 Pin=K3-2
Added Pin To Net: NetName=HC2_D0 Pin=K3-2
Added Pin To Net: NetName=HC2_D0 Pin=R13-2
Added Pin To Net: NetName=HC2_D0 Pin=U7-11
Added Net: Name=HC2_D0
Added Pin To Net: NetName=HC2_D1 Pin=K1-2
Added Pin To Net: NetName=HC2_D1 Pin=K1-2
Added Pin To Net: NetName=HC2_D1 Pin=R14-2
Added Pin To Net: NetName=HC2_D1 Pin=U7-12
Added Net: Name=HC2_D1
Added Pin To Net: NetName=HC2_D2 Pin=K4-2
Added Pin To Net: NetName=HC2_D2 Pin=K4-2
Added Pin To Net: NetName=HC2_D2 Pin=R15-2
Added Pin To Net: NetName=HC2_D2 Pin=U7-13
Added Net: Name=HC2_D2
Added Pin To Net: NetName=HC2_D3 Pin=K6-2
Added Pin To Net: NetName=HC2_D3 Pin=K6-2
Added Pin To Net: NetName=HC2_D3 Pin=R16-2
Added Pin To Net: NetName=HC2_D3 Pin=U7-14
Added Net: Name=HC2_D3
Added Pin To Net: NetName=HC2_D4 Pin=R17-2
Added Pin To Net: NetName=HC2_D4 Pin=S3-2
Added Pin To Net: NetName=HC2_D4 Pin=U7-3
Added Net: Name=HC2_D4
Added Pin To Net: NetName=HC2_D5 Pin=R18-2
Added Pin To Net: NetName=HC2_D5 Pin=S3-0
Added Pin To Net: NetName=HC2_D5 Pin=U7-4
Added Net: Name=HC2_D5
Added Pin To Net: NetName=HC2_D6 Pin=R19-2
Added Pin To Net: NetName=HC2_D6 Pin=S4-2
Added Pin To Net: NetName=HC2_D6 Pin=U7-5
Added Net: Name=HC2_D6
Added Pin To Net: NetName=HC2_D7 Pin=R20-2
Added Pin To Net: NetName=HC2_D7 Pin=S4-0
Added Pin To Net: NetName=HC2_D7 Pin=U7-6
Added Net: Name=HC2_D7
Added Pin To Net: NetName=HC2_Q7 Pin=U2-10
Added Pin To Net: NetName=HC2_Q7 Pin=U7-7
Added Net: Name=HC2_Q7
Added Pin To Net: NetName=HC_CP Pin=U2-2
Added Pin To Net: NetName=HC_CP Pin=U4-27
Added Pin To Net: NetName=HC_CP Pin=U7-2
Added Net: Name=HC_CP
Added Pin To Net: NetName=HC_PL Pin=U2-1
Added Pin To Net: NetName=HC_PL Pin=U4-26
Added Pin To Net: NetName=HC_PL Pin=U7-1
Added Net: Name=HC_PL
Added Pin To Net: NetName=HC_Q7 Pin=U2-7
Added Pin To Net: NetName=HC_Q7 Pin=U4-28
Added Net: Name=HC_Q7
Added Pin To Net: NetName=JSL-X Pin=C9-2
Added Pin To Net: NetName=JSL-X Pin=J1-5
Added Pin To Net: NetName=JSL-X Pin=U4-10
Added Net: Name=JSL-X
Added Pin To Net: NetName=JSL-Y Pin=C10-2
Added Pin To Net: NetName=JSL-Y Pin=J1-2
Added Pin To Net: NetName=JSL-Y Pin=U4-11
Added Net: Name=JSL-Y
Added Pin To Net: NetName=JSR-X Pin=C22-2
Added Pin To Net: NetName=JSR-X Pin=J2-5
Added Pin To Net: NetName=JSR-X Pin=U4-12
Added Net: Name=JSR-X
Added Pin To Net: NetName=JSR-Y Pin=C23-2
Added Pin To Net: NetName=JSR-Y Pin=J2-2
Added Pin To Net: NetName=JSR-Y Pin=U4-13
Added Net: Name=JSR-Y
Added Pin To Net: NetName=LCD-BLK Pin=R22-1
Added Pin To Net: NetName=LCD-BLK Pin=U4-21
Added Net: Name=LCD-BLK
Added Pin To Net: NetName=LCD-CS Pin=U4-14
Added Pin To Net: NetName=LCD-CS Pin=U6-7
Added Net: Name=LCD-CS
Added Pin To Net: NetName=LCD-DC Pin=U4-16
Added Pin To Net: NetName=LCD-DC Pin=U6-5
Added Net: Name=LCD-DC
Added Pin To Net: NetName=LCD-RST Pin=U4-20
Added Pin To Net: NetName=LCD-RST Pin=U6-6
Added Net: Name=LCD-RST
Added Pin To Net: NetName=LCD-SCL Pin=U4-15
Added Pin To Net: NetName=LCD-SCL Pin=U6-4
Added Net: Name=LCD-SCL
Added Pin To Net: NetName=LCD-SDA Pin=U4-17
Added Pin To Net: NetName=LCD-SDA Pin=U6-3
Added Net: Name=LCD-SDA
Added Pin To Net: NetName=LCD_LEDK Pin=R21-2
Added Pin To Net: NetName=LCD_LEDK Pin=U6-11
Added Net: Name=LCD_LEDK
Added Pin To Net: NetName=M1-IN1 Pin=U4-19
Added Pin To Net: NetName=M1-IN1 Pin=U11-6
Added Net: Name=M1-IN1
Added Pin To Net: NetName=M1-IN2 Pin=U4-18
Added Pin To Net: NetName=M1-IN2 Pin=U11-5
Added Net: Name=M1-IN2
Added Pin To Net: NetName=MCU-RX Pin=U4-31
Added Pin To Net: NetName=MCU-RX Pin=U8-8
Added Net: Name=MCU-RX
Added Pin To Net: NetName=MCU-SCL Pin=R4-1
Added Pin To Net: NetName=MCU-SCL Pin=U4-45
Added Pin To Net: NetName=MCU-SCL Pin=U5-6
Added Pin To Net: NetName=MCU-SCL Pin=U10-23
Added Net: Name=MCU-SCL
Added Pin To Net: NetName=MCU-SDA Pin=R3-1
Added Pin To Net: NetName=MCU-SDA Pin=U4-46
Added Pin To Net: NetName=MCU-SDA Pin=U5-5
Added Pin To Net: NetName=MCU-SDA Pin=U10-24
Added Net: Name=MCU-SDA
Added Pin To Net: NetName=MCU-TX Pin=U4-30
Added Pin To Net: NetName=MCU-TX Pin=U8-9
Added Net: Name=MCU-TX
Added Pin To Net: NetName=NetBZ1_2 Pin=BZ1-2
Added Pin To Net: NetName=NetBZ1_2 Pin=Q2-2
Added Net: Name=NetBZ1_2
Added Pin To Net: NetName=NetC16_2 Pin=C16-2
Added Pin To Net: NetName=NetC16_2 Pin=U1-1
Added Net: Name=NetC16_2
Added Pin To Net: NetName=NetD1_A Pin=D1-A
Added Pin To Net: NetName=NetD1_A Pin=R29-1
Added Net: Name=NetD1_A
Added Pin To Net: NetName=NetD1_K Pin=D1-K
Added Pin To Net: NetName=NetD1_K Pin=D4-K
Added Pin To Net: NetName=NetD1_K Pin=R31-2
Added Pin To Net: NetName=NetD1_K Pin=U1-12
Added Net: Name=NetD1_K
Added Pin To Net: NetName=NetD2_A Pin=D2-A
Added Pin To Net: NetName=NetD2_A Pin=R27-1
Added Net: Name=NetD2_A
Added Pin To Net: NetName=NetD2_K Pin=D2-K
Added Pin To Net: NetName=NetD2_K Pin=U9-7
Added Net: Name=NetD2_K
Added Pin To Net: NetName=NetD3_A Pin=D3-A
Added Pin To Net: NetName=NetD3_A Pin=R28-1
Added Net: Name=NetD3_A
Added Pin To Net: NetName=NetD3_K Pin=D3-K
Added Pin To Net: NetName=NetD3_K Pin=U9-6
Added Net: Name=NetD3_K
Added Pin To Net: NetName=NetD4_A Pin=D4-A
Added Pin To Net: NetName=NetD4_A Pin=R30-1
Added Pin To Net: NetName=NetD4_A Pin=R32-1
Added Pin To Net: NetName=NetD4_A Pin=S5-2
Added Pin To Net: NetName=NetD4_A Pin=S5-2
Added Net: Name=NetD4_A
Added Pin To Net: NetName=NetL1_1 Pin=L1-1
Added Pin To Net: NetName=NetL1_1 Pin=U1-8
Added Pin To Net: NetName=NetL1_1 Pin=U1-9
Added Net: Name=NetL1_1
Added Pin To Net: NetName=NetL1_2 Pin=L1-2
Added Pin To Net: NetName=NetL1_2 Pin=U1-6
Added Pin To Net: NetName=NetL1_2 Pin=U1-7
Added Net: Name=NetL1_2
Added Pin To Net: NetName=NetM1_1 Pin=M1-1
Added Pin To Net: NetName=NetM1_1 Pin=U11-2
Added Net: Name=NetM1_1
Added Pin To Net: NetName=NetM2_1 Pin=M2-1
Added Pin To Net: NetName=NetM2_1 Pin=U11-3
Added Net: Name=NetM2_1
Added Pin To Net: NetName=NetQ1_1 Pin=Q1-1
Added Pin To Net: NetName=NetQ1_1 Pin=R22-2
Added Pin To Net: NetName=NetQ1_1 Pin=R23-2
Added Net: Name=NetQ1_1
Added Pin To Net: NetName=NetQ1_2 Pin=Q1-2
Added Pin To Net: NetName=NetQ1_2 Pin=R21-1
Added Net: Name=NetQ1_2
Added Pin To Net: NetName=NetR1_2 Pin=R1-2
Added Pin To Net: NetName=NetR1_2 Pin=R2-1
Added Pin To Net: NetName=NetR1_2 Pin=U1-3
Added Net: Name=NetR1_2
Added Pin To Net: NetName=NetR26_2 Pin=R26-2
Added Pin To Net: NetName=NetR26_2 Pin=U9-2
Added Net: Name=NetR26_2
Added Pin To Net: NetName=NRF_CE Pin=U3-3
Added Pin To Net: NetName=NRF_CE Pin=U4-39
Added Net: Name=NRF_CE
Added Pin To Net: NetName=NRF_CSN Pin=U3-4
Added Pin To Net: NetName=NRF_CSN Pin=U4-40
Added Net: Name=NRF_CSN
Added Pin To Net: NetName=NRF_MISO Pin=U3-7
Added Pin To Net: NetName=NRF_MISO Pin=U4-43
Added Net: Name=NRF_MISO
Added Pin To Net: NetName=NRF_MOSI Pin=U3-6
Added Pin To Net: NetName=NRF_MOSI Pin=U4-42
Added Net: Name=NRF_MOSI
Added Pin To Net: NetName=NRF_SCK Pin=U3-5
Added Pin To Net: NetName=NRF_SCK Pin=U4-41
Added Net: Name=NRF_SCK
Added Pin To Net: NetName=Power_ON Pin=R29-2
Added Pin To Net: NetName=Power_ON Pin=U4-33
Added Net: Name=Power_ON
Added Pin To Net: NetName=REGOUT Pin=C20-1
Added Pin To Net: NetName=REGOUT Pin=U10-10
Added Net: Name=REGOUT
Added Pin To Net: NetName=RST Pin=C25-2
Added Pin To Net: NetName=RST Pin=R25-1
Added Pin To Net: NetName=RST Pin=U4-7
Added Net: Name=RST
Added Pin To Net: NetName=UD+ Pin=P1-3
Added Pin To Net: NetName=UD+ Pin=U8-1
Added Net: Name=UD+
Added Pin To Net: NetName=UD- Pin=P1-2
Added Pin To Net: NetName=UD- Pin=U8-2
Added Net: Name=UD-
Added Pin To Net: NetName=USB_VCC Pin=C17-2
Added Pin To Net: NetName=USB_VCC Pin=P1-1
Added Pin To Net: NetName=USB_VCC Pin=R27-2
Added Pin To Net: NetName=USB_VCC Pin=R28-2
Added Pin To Net: NetName=USB_VCC Pin=U9-4
Added Pin To Net: NetName=USB_VCC Pin=U9-8
Added Net: Name=USB_VCC
