Removed Pin From Net: NetName=CH1 Pin=U1-6
Removed Pin From Net: NetName=CH2 Pin=U1-7
Removed Pin From Net: NetName=CH3 Pin=U1-8
Removed Pin From Net: NetName=CH4 Pin=U1-9
Removed Pin From Net: NetName=LED Pin=U1-10
Removed Pin From Net: NetName=BAT_DET Pin=U1-11
Removed Pin From Net: NetName=CH5 Pin=U1-12
Removed Pin From Net: NetName=CH6 Pin=U1-13
Removed Pin From Net: NetName=PPM Pin=U1-14
Added Pin To Net: NetName=LED Pin=U1-6
Added Pin To Net: NetName=BAT_DET Pin=U1-7
Added Pin To Net: NetName=CH1 Pin=U1-8
Added Pin To Net: NetName=CH2 Pin=U1-9
Added Pin To Net: NetName=CH3 Pin=U1-12
Added Pin To Net: NetName=CH4 Pin=U1-13
Added Pin To Net: NetName=CH5 Pin=U1-14
Added Pin To Net: NetName=CH6 Pin=U1-15
Added Pin To Net: NetName=PPM Pin=U1-18
Added Member To Class: ClassName=MiniCar Member=Component NRF1 NRF_1
Added Room: Name=MiniCar
