Change Component Designator: Old Designator=? New Designator=1
Change Component Designator: Old Designator=BAT? New Designator=BAT1
Change Component Designator: Old Designator=C? New Designator=C1
Change Component Designator: Old Designator=C? New Designator=C2
Change Component Designator: Old Designator=C? New Designator=C3
Change Component Designator: Old Designator=C? New Designator=C4
Change Component Designator: Old Designator=C? New Designator=C5
Change Component Designator: Old Designator=C? New Designator=C6
Change Component Designator: Old Designator=CLK? New Designator=CLK1
Change Component Designator: Old Designator=D? New Designator=D1
Change Component Designator: Old Designator=DIO? New Designator=DIO1
Change Component Designator: Old Designator=GND? New Designator=GND1
Change Component Designator: Old Designator=GND? New Designator=GND2
Change Component Designator: Old Designator=NRF? New Designator=NRF1
Change Component Designator: Old Designator=PA? New Designator=PA1
Change Component Designator: Old Designator=PA? New Designator=PA2
Change Component Designator: Old Designator=R? New Designator=R1
Change Component Designator: Old Designator=R? New Designator=R2
Change Component Designator: Old Designator=R? New Designator=R3
Change Component Designator: Old Designator=R? New Designator=R4
Change Component Designator: Old Designator=R? New Designator=R5
Change Component Designator: Old Designator=U? New Designator=U1
Change Component Designator: Old Designator=U? New Designator=U2
