Added Pin To Net: NetName=3V3 Pin=1-1
Added Pin To Net: NetName=3V3 Pin=C6-2
Added Pin To Net: NetName=3V3 Pin=C8-2
Added Pin To Net: NetName=3V3 Pin=C10-2
Added Pin To Net: NetName=3V3 Pin=C11-2
Added Pin To Net: NetName=3V3 Pin=C12-2
Added Pin To Net: NetName=3V3 Pin=C13-2
Added Pin To Net: NetName=3V3 Pin=R?-2
Added Pin To Net: NetName=3V3 Pin=U1-9
Added Pin To Net: NetName=3V3 Pin=U1-24
Added Pin To Net: NetName=3V3 Pin=U1-36
Added Pin To Net: NetName=3V3 Pin=U1-48
Added Pin To Net: NetName=3V3 Pin=U2-1
Added Pin To Net: NetName=3V3 Pin=U4-8
Added Pin To Net: NetName=3V3 Pin=U5-8
Added Pin To Net: NetName=3V3 Pin=U6-2
Added Pin To Net: NetName=3V3 Pin=U6-2
Added Net: Name=3V3
Added Pin To Net: NetName=5V Pin=C3-2
Added Pin To Net: NetName=5V Pin=P1-1
Added Pin To Net: NetName=5V Pin=P2-1
Added Pin To Net: NetName=5V Pin=R6-2
Added Pin To Net: NetName=5V Pin=R7-2
Added Pin To Net: NetName=5V Pin=R8-2
Added Pin To Net: NetName=5V Pin=R9-2
Added Pin To Net: NetName=5V Pin=U3-4
Added Pin To Net: NetName=5V Pin=U3-8
Added Net: Name=5V
Added Pin To Net: NetName=BAT_CHG Pin=R2-2
Added Pin To Net: NetName=BAT_CHG Pin=U1-29
Added Net: Name=BAT_CHG
Added Pin To Net: NetName=BAT_DET Pin=R1-1
Added Pin To Net: NetName=BAT_DET Pin=R4-2
Added Pin To Net: NetName=BAT_DET Pin=U1-11
Added Net: Name=BAT_DET
Added Pin To Net: NetName=BAT Pin=BAT1-1
Added Pin To Net: NetName=BAT Pin=C4-2
Added Pin To Net: NetName=BAT Pin=C5-1
Added Pin To Net: NetName=BAT Pin=C7-1
Added Pin To Net: NetName=BAT Pin=R1-2
Added Pin To Net: NetName=BAT Pin=U3-5
Added Pin To Net: NetName=BAT Pin=U4-1
Added Pin To Net: NetName=BAT Pin=U5-1
Added Net: Name=BAT
Added Pin To Net: NetName=GND Pin=C1-1
Added Pin To Net: NetName=GND Pin=C2-1
Added Pin To Net: NetName=GND Pin=C3-1
Added Pin To Net: NetName=GND Pin=C4-1
Added Pin To Net: NetName=GND Pin=C5-2
Added Pin To Net: NetName=GND Pin=C6-1
Added Pin To Net: NetName=GND Pin=C7-2
Added Pin To Net: NetName=GND Pin=C8-1
Added Pin To Net: NetName=GND Pin=C9-1
Added Pin To Net: NetName=GND Pin=C10-1
Added Pin To Net: NetName=GND Pin=C11-1
Added Pin To Net: NetName=GND Pin=C12-1
Added Pin To Net: NetName=GND Pin=C13-1
Added Pin To Net: NetName=GND Pin=C?-1
Added Pin To Net: NetName=GND Pin=D1-K
Added Pin To Net: NetName=GND Pin=GND1-1
Added Pin To Net: NetName=GND Pin=GND2-1
Added Pin To Net: NetName=GND Pin=K1-2
Added Pin To Net: NetName=GND Pin=K1-2
Added Pin To Net: NetName=GND Pin=P1-0
Added Pin To Net: NetName=GND Pin=P1-0
Added Pin To Net: NetName=GND Pin=P1-4
Added Pin To Net: NetName=GND Pin=P2-0
Added Pin To Net: NetName=GND Pin=P2-0
Added Pin To Net: NetName=GND Pin=P2-0
Added Pin To Net: NetName=GND Pin=P2-0
Added Pin To Net: NetName=GND Pin=P2-5
Added Pin To Net: NetName=GND Pin=R4-1
Added Pin To Net: NetName=GND Pin=R5-1
Added Pin To Net: NetName=GND Pin=U1-8
Added Pin To Net: NetName=GND Pin=U1-23
Added Pin To Net: NetName=GND Pin=U1-35
Added Pin To Net: NetName=GND Pin=U1-44
Added Pin To Net: NetName=GND Pin=U1-47
Added Pin To Net: NetName=GND Pin=U2-2
Added Pin To Net: NetName=GND Pin=U3-1
Added Pin To Net: NetName=GND Pin=U3-3
Added Pin To Net: NetName=GND Pin=U3-3
Added Pin To Net: NetName=GND Pin=U4-4
Added Pin To Net: NetName=GND Pin=U5-4
Added Pin To Net: NetName=GND Pin=U6-1
Added Net: Name=GND
Added Pin To Net: NetName=KEY Pin=K1-1
Added Pin To Net: NetName=KEY Pin=K1-1
Added Pin To Net: NetName=KEY Pin=U1-21
Added Net: Name=KEY
Added Pin To Net: NetName=LED Pin=R3-2
Added Pin To Net: NetName=LED Pin=U1-10
Added Net: Name=LED
Added Pin To Net: NetName=M1-IN1 Pin=U1-18
Added Pin To Net: NetName=M1-IN1 Pin=U4-6
Added Net: Name=M1-IN1
Added Pin To Net: NetName=M1-IN2 Pin=U1-19
Added Pin To Net: NetName=M1-IN2 Pin=U4-5
Added Net: Name=M1-IN2
Added Pin To Net: NetName=M1-SLP Pin=U1-17
Added Pin To Net: NetName=M1-SLP Pin=U4-7
Added Net: Name=M1-SLP
Added Pin To Net: NetName=M2-IN1 Pin=U1-15
Added Pin To Net: NetName=M2-IN1 Pin=U5-6
Added Net: Name=M2-IN1
Added Pin To Net: NetName=M2-IN2 Pin=U1-16
Added Pin To Net: NetName=M2-IN2 Pin=U5-5
Added Net: Name=M2-IN2
Added Pin To Net: NetName=M2-SLP Pin=U1-14
Added Pin To Net: NetName=M2-SLP Pin=U5-7
Added Net: Name=M2-SLP
Added Pin To Net: NetName=MCU_RX Pin=P2-2
Added Pin To Net: NetName=MCU_RX Pin=U1-31
Added Net: Name=MCU_RX
Added Pin To Net: NetName=MCU_TX Pin=P2-3
Added Pin To Net: NetName=MCU_TX Pin=U1-30
Added Net: Name=MCU_TX
Added Pin To Net: NetName=NetC9_2 Pin=C9-2
Added Pin To Net: NetName=NetC9_2 Pin=R9-1
Added Pin To Net: NetName=NetC9_2 Pin=U6-3
Added Net: Name=NetC9_2
Added Pin To Net: NetName=NetD1_A Pin=D1-A
Added Pin To Net: NetName=NetD1_A Pin=R3-1
Added Net: Name=NetD1_A
Added Pin To Net: NetName=NetD2_A Pin=D2-A
Added Pin To Net: NetName=NetD2_A Pin=R6-1
Added Net: Name=NetD2_A
Added Pin To Net: NetName=NetD2_K Pin=D2-K
Added Pin To Net: NetName=NetD2_K Pin=R2-1
Added Pin To Net: NetName=NetD2_K Pin=U3-7
Added Net: Name=NetD2_K
Added Pin To Net: NetName=NetD3_A Pin=D3-A
Added Pin To Net: NetName=NetD3_A Pin=R7-1
Added Net: Name=NetD3_A
Added Pin To Net: NetName=NetD3_K Pin=D3-K
Added Pin To Net: NetName=NetD3_K Pin=U3-6
Added Net: Name=NetD3_K
Added Pin To Net: NetName=NetM1_1 Pin=M1-1
Added Pin To Net: NetName=NetM1_1 Pin=U4-2
Added Net: Name=NetM1_1
Added Pin To Net: NetName=NetM2_1 Pin=M2-1
Added Pin To Net: NetName=NetM2_1 Pin=U4-3
Added Net: Name=NetM2_1
Added Pin To Net: NetName=NetM3_1 Pin=M3-1
Added Pin To Net: NetName=NetM3_1 Pin=U5-2
Added Net: Name=NetM3_1
Added Pin To Net: NetName=NetM4_1 Pin=M4-1
Added Pin To Net: NetName=NetM4_1 Pin=U5-3
Added Net: Name=NetM4_1
Added Pin To Net: NetName=NetR5_2 Pin=R5-2
Added Pin To Net: NetName=NetR5_2 Pin=U3-2
Added Net: Name=NetR5_2
Added Pin To Net: NetName=NRF_CE Pin=U1-45
Added Pin To Net: NetName=NRF_CE Pin=U2-3
Added Net: Name=NRF_CE
Added Pin To Net: NetName=NRF_CSN Pin=U1-43
Added Pin To Net: NetName=NRF_CSN Pin=U2-4
Added Net: Name=NRF_CSN
Added Pin To Net: NetName=NRF_IRQ Pin=U1-39
Added Pin To Net: NetName=NRF_IRQ Pin=U2-8
Added Net: Name=NRF_IRQ
Added Pin To Net: NetName=NRF_MISO Pin=U1-40
Added Pin To Net: NetName=NRF_MISO Pin=U2-7
Added Net: Name=NRF_MISO
Added Pin To Net: NetName=NRF_MOSI Pin=U1-41
Added Pin To Net: NetName=NRF_MOSI Pin=U2-6
Added Net: Name=NRF_MOSI
Added Pin To Net: NetName=NRF_SCK Pin=U1-42
Added Pin To Net: NetName=NRF_SCK Pin=U2-5
Added Net: Name=NRF_SCK
Added Pin To Net: NetName=NRST Pin=C?-2
Added Pin To Net: NetName=NRST Pin=R?-1
Added Pin To Net: NetName=NRST Pin=U1-7
Added Net: Name=NRST
Added Pin To Net: NetName=OSC_IN Pin=C1-2
Added Pin To Net: NetName=OSC_IN Pin=U1-5
Added Pin To Net: NetName=OSC_IN Pin=Y1-1
Added Net: Name=OSC_IN
Added Pin To Net: NetName=OSC_OUT Pin=C2-2
Added Pin To Net: NetName=OSC_OUT Pin=U1-6
Added Pin To Net: NetName=OSC_OUT Pin=Y1-2
Added Net: Name=OSC_OUT
Added Pin To Net: NetName=SWCLK Pin=CLK1-1
Added Pin To Net: NetName=SWCLK Pin=U1-37
Added Net: Name=SWCLK
Added Pin To Net: NetName=SWDIO Pin=DIO1-1
Added Pin To Net: NetName=SWDIO Pin=U1-34
Added Net: Name=SWDIO
Added Pin To Net: NetName=USB_D+ Pin=P1-3
Added Pin To Net: NetName=USB_D+ Pin=R8-1
Added Pin To Net: NetName=USB_D+ Pin=U1-33
Added Net: Name=USB_D+
Added Pin To Net: NetName=USB_D- Pin=P1-2
Added Pin To Net: NetName=USB_D- Pin=U1-32
Added Net: Name=USB_D-
