Added Component: Designator=C1(电容_C0603)
Add component. Clean all parameters for all variants
Add component (AddParameter): Name = "C"; Value = "22pf"; VariantName = "[No Variations]"
Add component (AddParameter): Name = "U"; Value = "50V"; VariantName = "[No Variations]"
Add component (AddParameter): Name = "参数"; Value = "Cap,0805,X7R,104K,50V,125C,±10%"; VariantName = "[No Variations]"
Added Component: Designator=C2(电容_C0603)
Add component. Clean all parameters for all variants
Add component (AddParameter): Name = "C"; Value = "22pf"; VariantName = "[No Variations]"
Add component (AddParameter): Name = "U"; Value = "50V"; VariantName = "[No Variations]"
Add component (AddParameter): Name = "参数"; Value = "Cap,0805,X7R,104K,50V,125C,±10%"; VariantName = "[No Variations]"
Added Component: Designator=C3(电容_C0603)
Add component. Clean all parameters for all variants
Add component (AddParameter): Name = "C"; Value = "4.7uF"; VariantName = "[No Variations]"
Add component (AddParameter): Name = "U"; Value = "50V"; VariantName = "[No Variations]"
Add component (AddParameter): Name = "参数"; Value = "Cap,0805,X7R,104K,50V,125C,±10%"; VariantName = "[No Variations]"
Added Component: Designator=C4(电容_C0603)
Add component. Clean all parameters for all variants
Add component (AddParameter): Name = "C"; Value = "4.7uF"; VariantName = "[No Variations]"
Add component (AddParameter): Name = "U"; Value = "50V"; VariantName = "[No Variations]"
Add component (AddParameter): Name = "参数"; Value = "Cap,0805,X7R,104K,50V,125C,±10%"; VariantName = "[No Variations]"
Added Component: Designator=C5(电容_C0603)
Add component. Clean all parameters for all variants
Add component (AddParameter): Name = "C"; Value = "4.7uF"; VariantName = "[No Variations]"
Add component (AddParameter): Name = "U"; Value = "50V"; VariantName = "[No Variations]"
Add component (AddParameter): Name = "参数"; Value = "Cap,0805,X7R,104K,50V,125C,±10%"; VariantName = "[No Variations]"
Added Component: Designator=C6(电容_C0603)
Add component. Clean all parameters for all variants
Add component (AddParameter): Name = "C"; Value = "4.7uF"; VariantName = "[No Variations]"
Add component (AddParameter): Name = "U"; Value = "50V"; VariantName = "[No Variations]"
Add component (AddParameter): Name = "参数"; Value = "Cap,0805,X7R,104K,50V,125C,±10%"; VariantName = "[No Variations]"
Added Component: Designator=C7(电容_C0603)
Add component. Clean all parameters for all variants
Add component (AddParameter): Name = "C"; Value = "4.7uF"; VariantName = "[No Variations]"
Add component (AddParameter): Name = "U"; Value = "50V"; VariantName = "[No Variations]"
Add component (AddParameter): Name = "参数"; Value = "Cap,0805,X7R,104K,50V,125C,±10%"; VariantName = "[No Variations]"
Added Component: Designator=C8(电容_C0603)
Add component. Clean all parameters for all variants
Add component (AddParameter): Name = "C"; Value = "4.7uF"; VariantName = "[No Variations]"
Add component (AddParameter): Name = "U"; Value = "50V"; VariantName = "[No Variations]"
Add component (AddParameter): Name = "参数"; Value = "Cap,0805,X7R,104K,50V,125C,±10%"; VariantName = "[No Variations]"
Added Component: Designator=C?(电容_C0603)
Add component. Clean all parameters for all variants
Add component (AddParameter): Name = "C"; Value = "4.7uF"; VariantName = "[No Variations]"
Add component (AddParameter): Name = "U"; Value = "50V"; VariantName = "[No Variations]"
Add component (AddParameter): Name = "参数"; Value = "Cap,0805,X7R,104K,50V,125C,±10%"; VariantName = "[No Variations]"
Added Component: Designator=D2(LED_0603)
Add component. Clean all parameters for all variants
Add component (AddParameter): Name = "参数"; Value = "LED,0603,Red"; VariantName = "[No Variations]"
Added Component: Designator=D3(LED_0603)
Add component. Clean all parameters for all variants
Add component (AddParameter): Name = "参数"; Value = "LED,0603,Red"; VariantName = "[No Variations]"
Added Component: Designator=K1(开关按键_SKTH)
Add component. Clean all parameters for all variants
Add component (AddParameter): Name = "参数"; Value = "Key,TS-018A 2*4全包无柱带支架 力度250N"; VariantName = "[No Variations]"
Add component (AddParameter): Name = "备注"; Value = "ADD"; VariantName = "[No Variations]"
Added Component: Designator=P1(接插件_USB 公头 90°)
Add component. Clean all parameters for all variants
Added Component: Designator=P2(接插件_MICRO 牛角插座 USB 卷边)
Add component. Clean all parameters for all variants
Add component (AddParameter): Name = "_Comma"; Value = ","; VariantName = "[No Variations]"
Add component (AddParameter): Name = "_Model"; Value = "MICRO USB"; VariantName = "[No Variations]"
Add component (AddParameter): Name = "_Name"; Value = "Port"; VariantName = "[No Variations]"
Add component (AddParameter): Name = "_Specification"; Value = "Port,MICRO USB,5PIN"; VariantName = "[No Variations]"
Add component (AddParameter): Name = "_Value"; Value = "5PIN"; VariantName = "[No Variations]"
Added Component: Designator=R2(电阻_R0603)
Add component. Clean all parameters for all variants
Add component (AddParameter): Name = "P"; Value = "1/8W"; VariantName = "[No Variations]"
Add component (AddParameter): Name = "R"; Value = "2k"; VariantName = "[No Variations]"
Add component (AddParameter): Name = "参数"; Value = "Res,0805,0R,±1%,1/8W,100ppm,155C"; VariantName = "[No Variations]"
Added Component: Designator=R3(电阻_R0603)
Add component. Clean all parameters for all variants
Add component (AddParameter): Name = "P"; Value = "1/8W"; VariantName = "[No Variations]"
Add component (AddParameter): Name = "R"; Value = "100R"; VariantName = "[No Variations]"
Add component (AddParameter): Name = "参数"; Value = "Res,0805,0R,±1%,1/8W,100ppm,155C"; VariantName = "[No Variations]"
Added Component: Designator=R5(电阻_R0603)
Add component. Clean all parameters for all variants
Add component (AddParameter): Name = "P"; Value = "1/8W"; VariantName = "[No Variations]"
Add component (AddParameter): Name = "R"; Value = "2k"; VariantName = "[No Variations]"
Add component (AddParameter): Name = "参数"; Value = "Res,0805,0R,±1%,1/8W,100ppm,155C"; VariantName = "[No Variations]"
Added Component: Designator=R6(电阻_R0603)
Add component. Clean all parameters for all variants
Add component (AddParameter): Name = "P"; Value = "1/8W"; VariantName = "[No Variations]"
Add component (AddParameter): Name = "R"; Value = "2k"; VariantName = "[No Variations]"
Add component (AddParameter): Name = "参数"; Value = "Res,0805,0R,±1%,1/8W,100ppm,155C"; VariantName = "[No Variations]"
Added Component: Designator=R7(电阻_R0603)
Add component. Clean all parameters for all variants
Add component (AddParameter): Name = "P"; Value = "1/8W"; VariantName = "[No Variations]"
Add component (AddParameter): Name = "R"; Value = "10k"; VariantName = "[No Variations]"
Add component (AddParameter): Name = "参数"; Value = "Res,0805,0R,±1%,1/8W,100ppm,155C"; VariantName = "[No Variations]"
Added Component: Designator=R8(电阻_R0603)
Add component. Clean all parameters for all variants
Add component (AddParameter): Name = "P"; Value = "1/8W"; VariantName = "[No Variations]"
Add component (AddParameter): Name = "R"; Value = "1.5k"; VariantName = "[No Variations]"
Add component (AddParameter): Name = "参数"; Value = "Res,0805,0R,±1%,1/8W,100ppm,155C"; VariantName = "[No Variations]"
Added Component: Designator=U1(STM32F103C8T6)
Add component. Clean all parameters for all variants
Add component (AddParameter): Name = "BOM_LCSC Assembly"; Value = "Yes"; VariantName = "[No Variations]"
Add component (AddParameter): Name = "BOM_Manufacturer"; Value = "STMicroelectronics"; VariantName = "[No Variations]"
Add component (AddParameter): Name = "BOM_Manufacturer Part"; Value = "STM32F103C8T6"; VariantName = "[No Variations]"
Add component (AddParameter): Name = "BOM_Supplier"; Value = "LCSC"; VariantName = "[No Variations]"
Add component (AddParameter): Name = "BOM_Supplier Part"; Value = "C8734"; VariantName = "[No Variations]"
Add component (AddParameter): Name = "image"; Value = "//image.lceda.cn/szlcsc/C8734.jpg"; VariantName = "[No Variations]"
Add component (AddParameter): Name = "SMT Type"; Value = "Basic"; VariantName = "[No Variations]"
Add component (AddParameter): Name = "spicePre"; Value = "U"; VariantName = "[No Variations]"
Add component (AddParameter): Name = "spiceSymbolName"; Value = "STM32F103C8T6"; VariantName = "[No Variations]"
Add component (AddParameter): Name = "timeStamp"; Value = "1455028086"; VariantName = "[No Variations]"
Added Component: Designator=U2(NRF-1)
Add component. Clean all parameters for all variants
Added Component: Designator=U3(SOP-8_PAD)
Add component. Clean all parameters for all variants
Add component (AddParameter): Name = "参数"; Value = "Charge Control,LP4056,ESOP-8"; VariantName = "[No Variations]"
Added Component: Designator=U4(WSON-8)
Add component. Clean all parameters for all variants
Added Component: Designator=U5(WSON-8)
Add component. Clean all parameters for all variants
Added Component: Designator=Y1(晶振_5032)
Add component. Clean all parameters for all variants
Add component (AddParameter): Name = "F"; Value = "8m"; VariantName = "[No Variations]"
Added Pin To Net: NetName=3V3 Pin=C6-2
Added Pin To Net: NetName=3V3 Pin=C8-2
Added Pin To Net: NetName=3V3 Pin=U1-9
Added Pin To Net: NetName=3V3 Pin=U1-24
Added Pin To Net: NetName=3V3 Pin=U1-36
Added Pin To Net: NetName=3V3 Pin=U1-48
Added Pin To Net: NetName=3V3 Pin=U2-1
Added Pin To Net: NetName=3V3 Pin=U4-8
Added Pin To Net: NetName=3V3 Pin=U5-8
Added Net: Name=3V3
Added Pin To Net: NetName=5V Pin=C3-2
Added Pin To Net: NetName=5V Pin=P1-1
Added Pin To Net: NetName=5V Pin=P2-1
Added Pin To Net: NetName=5V Pin=R6-2
Added Pin To Net: NetName=5V Pin=R7-2
Added Pin To Net: NetName=5V Pin=R8-2
Added Pin To Net: NetName=5V Pin=U3-4
Added Pin To Net: NetName=5V Pin=U3-8
Added Net: Name=5V
Added Pin To Net: NetName=BAT_CHG Pin=R2-2
Added Pin To Net: NetName=BAT_CHG Pin=U1-29
Added Net: Name=BAT_CHG
Added Pin To Net: NetName=BAT_DET Pin=U1-11
Added Net: Name=BAT_DET
Added Pin To Net: NetName=BAT Pin=C4-2
Added Pin To Net: NetName=BAT Pin=C5-1
Added Pin To Net: NetName=BAT Pin=C7-1
Added Pin To Net: NetName=BAT Pin=U3-5
Added Pin To Net: NetName=BAT Pin=U4-1
Added Pin To Net: NetName=BAT Pin=U5-1
Added Net: Name=BAT
Added Pin To Net: NetName=GND Pin=C1-1
Added Pin To Net: NetName=GND Pin=C2-1
Added Pin To Net: NetName=GND Pin=C3-1
Added Pin To Net: NetName=GND Pin=C4-1
Added Pin To Net: NetName=GND Pin=C5-2
Added Pin To Net: NetName=GND Pin=C6-1
Added Pin To Net: NetName=GND Pin=C7-2
Added Pin To Net: NetName=GND Pin=C8-1
Added Pin To Net: NetName=GND Pin=C?-1
Added Pin To Net: NetName=GND Pin=K1-2
Added Pin To Net: NetName=GND Pin=K1-2
Added Pin To Net: NetName=GND Pin=P1-0
Added Pin To Net: NetName=GND Pin=P1-0
Added Pin To Net: NetName=GND Pin=P1-4
Added Pin To Net: NetName=GND Pin=P2-0
Added Pin To Net: NetName=GND Pin=P2-0
Added Pin To Net: NetName=GND Pin=P2-0
Added Pin To Net: NetName=GND Pin=P2-0
Added Pin To Net: NetName=GND Pin=P2-5
Added Pin To Net: NetName=GND Pin=R5-1
Added Pin To Net: NetName=GND Pin=U1-8
Added Pin To Net: NetName=GND Pin=U1-23
Added Pin To Net: NetName=GND Pin=U1-35
Added Pin To Net: NetName=GND Pin=U1-44
Added Pin To Net: NetName=GND Pin=U1-47
Added Pin To Net: NetName=GND Pin=U2-2
Added Pin To Net: NetName=GND Pin=U3-1
Added Pin To Net: NetName=GND Pin=U3-3
Added Pin To Net: NetName=GND Pin=U3-3
Added Pin To Net: NetName=GND Pin=U4-4
Added Pin To Net: NetName=GND Pin=U5-4
Added Net: Name=GND
Added Pin To Net: NetName=KEY Pin=K1-1
Added Pin To Net: NetName=KEY Pin=K1-1
Added Pin To Net: NetName=KEY Pin=U1-21
Added Net: Name=KEY
Added Pin To Net: NetName=LED Pin=R3-2
Added Pin To Net: NetName=LED Pin=U1-10
Added Net: Name=LED
Added Pin To Net: NetName=M1-IN1 Pin=U1-18
Added Pin To Net: NetName=M1-IN1 Pin=U4-6
Added Net: Name=M1-IN1
Added Pin To Net: NetName=M1-IN2 Pin=U1-19
Added Pin To Net: NetName=M1-IN2 Pin=U4-5
Added Net: Name=M1-IN2
Added Pin To Net: NetName=M1-SLP Pin=U1-17
Added Pin To Net: NetName=M1-SLP Pin=U4-7
Added Net: Name=M1-SLP
Added Pin To Net: NetName=M2-IN1 Pin=U1-15
Added Pin To Net: NetName=M2-IN1 Pin=U5-6
Added Net: Name=M2-IN1
Added Pin To Net: NetName=M2-IN2 Pin=U1-16
Added Pin To Net: NetName=M2-IN2 Pin=U5-5
Added Net: Name=M2-IN2
Added Pin To Net: NetName=M2-SLP Pin=U1-14
Added Pin To Net: NetName=M2-SLP Pin=U5-7
Added Net: Name=M2-SLP
Added Pin To Net: NetName=MCU_RX Pin=P2-2
Added Pin To Net: NetName=MCU_RX Pin=U1-31
Added Net: Name=MCU_RX
Added Pin To Net: NetName=MCU_TX Pin=P2-3
Added Pin To Net: NetName=MCU_TX Pin=U1-30
Added Net: Name=MCU_TX
Added Net: Name=NetC9_2
Added Pin To Net: NetName=NetD1_A Pin=R3-1
Added Net: Name=NetD1_A
Added Pin To Net: NetName=NetD2_A Pin=D2-A
Added Pin To Net: NetName=NetD2_A Pin=R6-1
Added Net: Name=NetD2_A
Added Pin To Net: NetName=NetD2_K Pin=D2-K
Added Pin To Net: NetName=NetD2_K Pin=R2-1
Added Pin To Net: NetName=NetD2_K Pin=U3-7
Added Net: Name=NetD2_K
Added Pin To Net: NetName=NetD3_A Pin=D3-A
Added Pin To Net: NetName=NetD3_A Pin=R7-1
Added Net: Name=NetD3_A
Added Pin To Net: NetName=NetD3_K Pin=D3-K
Added Pin To Net: NetName=NetD3_K Pin=U3-6
Added Net: Name=NetD3_K
Added Pin To Net: NetName=NetM1_1 Pin=U4-2
Added Net: Name=NetM1_1
Added Pin To Net: NetName=NetM2_1 Pin=U4-3
Added Net: Name=NetM2_1
Added Pin To Net: NetName=NetM3_1 Pin=U5-2
Added Net: Name=NetM3_1
Added Pin To Net: NetName=NetM4_1 Pin=U5-3
Added Net: Name=NetM4_1
Added Pin To Net: NetName=NetR5_2 Pin=R5-2
Added Pin To Net: NetName=NetR5_2 Pin=U3-2
Added Net: Name=NetR5_2
Added Pin To Net: NetName=NRF_CE Pin=U1-45
Added Pin To Net: NetName=NRF_CE Pin=U2-3
Added Net: Name=NRF_CE
Added Pin To Net: NetName=NRF_CSN Pin=U1-43
Added Pin To Net: NetName=NRF_CSN Pin=U2-4
Added Net: Name=NRF_CSN
Added Pin To Net: NetName=NRF_IRQ Pin=U1-39
Added Pin To Net: NetName=NRF_IRQ Pin=U2-8
Added Net: Name=NRF_IRQ
Added Pin To Net: NetName=NRF_MISO Pin=U1-40
Added Pin To Net: NetName=NRF_MISO Pin=U2-7
Added Net: Name=NRF_MISO
Added Pin To Net: NetName=NRF_MOSI Pin=U1-41
Added Pin To Net: NetName=NRF_MOSI Pin=U2-6
Added Net: Name=NRF_MOSI
Added Pin To Net: NetName=NRF_SCK Pin=U1-42
Added Pin To Net: NetName=NRF_SCK Pin=U2-5
Added Net: Name=NRF_SCK
Added Pin To Net: NetName=NRST Pin=C?-2
Added Pin To Net: NetName=NRST Pin=U1-7
Added Net: Name=NRST
Added Pin To Net: NetName=OSC_IN Pin=C1-2
Added Pin To Net: NetName=OSC_IN Pin=U1-5
Added Pin To Net: NetName=OSC_IN Pin=Y1-1
Added Net: Name=OSC_IN
Added Pin To Net: NetName=OSC_OUT Pin=C2-2
Added Pin To Net: NetName=OSC_OUT Pin=U1-6
Added Pin To Net: NetName=OSC_OUT Pin=Y1-2
Added Net: Name=OSC_OUT
Added Pin To Net: NetName=SWCLK Pin=U1-37
Added Net: Name=SWCLK
Added Pin To Net: NetName=SWDIO Pin=U1-34
Added Net: Name=SWDIO
Added Pin To Net: NetName=USB_D+ Pin=P1-3
Added Pin To Net: NetName=USB_D+ Pin=R8-1
Added Pin To Net: NetName=USB_D+ Pin=U1-33
Added Net: Name=USB_D+
Added Pin To Net: NetName=USB_D- Pin=P1-2
Added Pin To Net: NetName=USB_D- Pin=U1-32
Added Net: Name=USB_D-
Added Class: Name=RX
Added Room: Name=RX
